<?xml version="1.0" encoding="utf-8"?><testsuites name="pytest tests"><testsuite name="pytest" errors="0" failures="0" skipped="1" tests="17" time="5.093" timestamp="2026-05-02T02:17:23.155640+00:00" hostname="agent-env-1dd6c271-290a-493d-a066-69eaff8cbe4e"><testcase classname="backend.tests.test_iter43_api_keys.TestFeaturesMe" name="test_api_access_enabled_for_owner_default_plan" time="0.536" /><testcase classname="backend.tests.test_iter43_api_keys.TestApiKeysCRUD" name="test_create_returns_plaintext_token" time="0.107" /><testcase classname="backend.tests.test_iter43_api_keys.TestApiKeysCRUD" name="test_list_excludes_token_hash_and_plaintext" time="0.175" /><testcase classname="backend.tests.test_iter43_api_keys.TestApiKeysCRUD" name="test_revoke_lifecycle" time="0.728" /><testcase classname="backend.tests.test_iter43_api_keys.TestIntegrationTargets" name="test_default_trades" time="0.112" /><testcase classname="backend.tests.test_iter43_api_keys.TestIntegrationTargets" name="test_hospitality" time="0.108" /><testcase classname="backend.tests.test_iter43_api_keys.TestIntegrationTargets" name="test_transport" time="0.115" /><testcase classname="backend.tests.test_iter43_api_keys.TestIntegrationTargets" name="test_healthcare" time="0.112" /><testcase classname="backend.tests.test_iter43_api_keys.TestIntegrationTargets" name="test_retail" time="0.119" /><testcase classname="backend.tests.test_iter43_api_keys.TestApiKeyAuth" name="test_workers_with_api_key" time="0.223" /><testcase classname="backend.tests.test_iter43_api_keys.TestApiKeyAuth" name="test_auth_me_with_api_key" time="0.133" /><testcase classname="backend.tests.test_iter43_api_keys.TestApiKeyAuth" name="test_invalid_api_key_returns_401" time="0.100" /><testcase classname="backend.tests.test_iter43_api_keys.TestApiKeyAuth" name="test_last_used_at_updated" time="1.734" /><testcase classname="backend.tests.test_iter43_api_keys.TestRegression" name="test_billing_tiers" time="0.110" /><testcase classname="backend.tests.test_iter43_api_keys.TestRegression" name="test_scheduling_endpoint_alive" time="0.362"><skipped type="pytest.skip" message="no /api/scheduling GET endpoint matched — non-blocking">/app/backend/tests/test_iter43_api_keys.py:213: no /api/scheduling GET endpoint matched — non-blocking</skipped></testcase><testcase classname="backend.tests.test_iter43_api_keys.TestRegression" name="test_regulator_pipeline_with_api_key" time="0.115" /><testcase classname="backend.tests.test_iter43_api_keys.TestCleanup" name="test_revoke_main_key" time="0.115" /></testsuite></testsuites>