<?xml version="1.0" encoding="utf-8"?><testsuites name="pytest tests"><testsuite name="pytest" errors="0" failures="0" skipped="0" tests="49" time="13.943" timestamp="2026-05-01T09:34:48.367518+00:00" hostname="agent-env-1dd6c271-290a-493d-a066-69eaff8cbe4e"><testcase classname="backend.tests.test_iter29_role_variants.TestRoleRegistrationRoundTrip" name="test_register_with_role_persists" time="0.488" /><testcase classname="backend.tests.test_iter29_role_variants.TestRoleRegistrationRoundTrip" name="test_register_defaults" time="0.322" /><testcase classname="backend.tests.test_iter29_role_variants.TestRolePatch" name="test_patch_round_trip" time="1.209" /><testcase classname="backend.tests.test_iter29_role_variants.TestRolePatch" name="test_patch_invalid_variant" time="0.118" /><testcase classname="backend.tests.test_iter29_role_variants.TestRolePatch" name="test_patch_missing_fields" time="0.126" /><testcase classname="backend.tests.test_iter28_routes_split.TestBillingRefactor" name="test_tiers_public" time="0.120" /><testcase classname="backend.tests.test_iter28_routes_split.TestBillingRefactor" name="test_my_subscription" time="0.445" /><testcase classname="backend.tests.test_iter28_routes_split.TestBillingRefactor" name="test_enterprise_demo_request_public" time="0.112" /><testcase classname="backend.tests.test_iter28_routes_split.TestAutomationsRefactor" name="test_recipes_public_for_user" time="0.097" /><testcase classname="backend.tests.test_iter28_routes_split.TestAutomationsRefactor" name="test_list_my_automations" time="0.103" /><testcase classname="backend.tests.test_iter28_routes_split.TestAutomationsRefactor" name="test_crud_lifecycle" time="0.408" /><testcase classname="backend.tests.test_iter28_routes_split.TestAutomationsRefactor" name="test_analytics_summary" time="0.121" /><testcase classname="backend.tests.test_iter28_routes_split.TestAutomationsRefactor" name="test_unknown_action_rejected" time="0.103" /><testcase classname="backend.tests.test_iter28_routes_split.TestAutomationsRefactor" name="test_unknown_event_rejected" time="0.141" /><testcase classname="backend.tests.test_iter28_routes_split.TestWebhookAutomationFanOut" name="test_worker_create_still_works" time="0.098" /><testcase classname="backend.tests.test_iter28_routes_split.TestIndustryPatch" name="test_round_trip" time="0.411" /><testcase classname="backend.tests.test_iter28_routes_split.TestIndustryPatch" name="test_invalid_rejected" time="0.116" /><testcase classname="backend.tests.test_iter27_industries_and_refactor.TestServiceBanner" name="test_root_says_safebase" time="0.106" /><testcase classname="backend.tests.test_iter27_industries_and_refactor.TestIndustriesPublic" name="test_list_industries" time="0.096" /><testcase classname="backend.tests.test_iter27_industries_and_refactor.TestIndustriesPublic" name="test_industry_signal_hospitality" time="0.102" /><testcase classname="backend.tests.test_iter27_industries_and_refactor.TestIndustriesPublic" name="test_industry_signal_unknown_404" time="0.099" /><testcase classname="backend.tests.test_iter27_industries_and_refactor.TestAuthIndustry" name="test_register_persists_industry" time="0.442" /><testcase classname="backend.tests.test_iter27_industries_and_refactor.TestAuthIndustry" name="test_login_includes_industry" time="0.323" /><testcase classname="backend.tests.test_iter27_industries_and_refactor.TestAuthIndustry" name="test_patch_me_industry_valid" time="0.636" /><testcase classname="backend.tests.test_iter27_industries_and_refactor.TestAuthIndustry" name="test_patch_me_industry_invalid" time="0.119" /><testcase classname="backend.tests.test_iter27_industries_and_refactor.TestDocTypesFiltering" name="test_owner_trades_31" time="0.500" /><testcase classname="backend.tests.test_iter27_industries_and_refactor.TestDocTypesFiltering" name="test_hospitality_34" time="0.126" /><testcase classname="backend.tests.test_iter27_industries_and_refactor.TestDocTypesFiltering" name="test_transport_34" time="0.437" /><testcase classname="backend.tests.test_iter27_industries_and_refactor.TestDocTypesFiltering" name="test_healthcare_34" time="0.431" /><testcase classname="backend.tests.test_iter27_industries_and_refactor.TestDocTypesFiltering" name="test_retail_34" time="0.117" /><testcase classname="backend.tests.test_iter27_industries_and_refactor.TestIndustryDocCreation" name="test_hospitality_haccp" time="0.636" /><testcase classname="backend.tests.test_iter27_industries_and_refactor.TestIndustryDocCreation" name="test_transport_cor" time="0.273" /><testcase classname="backend.tests.test_iter27_industries_and_refactor.TestIndustryDocCreation" name="test_healthcare_ahpra" time="0.256" /><testcase classname="backend.tests.test_iter27_industries_and_refactor.TestIndustryDocCreation" name="test_retail_lone_worker" time="0.262" /><testcase classname="backend.tests.test_iter27_industries_and_refactor.TestDocsStats" name="test_stats_has_by_status" time="0.108" /><testcase classname="backend.tests.test_iter27_industries_and_refactor.TestWebhooksRefactor" name="test_events_list" time="0.106" /><testcase classname="backend.tests.test_iter27_industries_and_refactor.TestWebhooksRefactor" name="test_subscription_lifecycle" time="0.836" /><testcase classname="backend.tests.test_iter9_billing_webhooks_pwa.TestBillingCheckout" name="test_checkout_invalid_tier" time="0.388" /><testcase classname="backend.tests.test_iter9_billing_webhooks_pwa.TestBillingCheckout" name="test_checkout_missing_origin" time="0.052" /><testcase classname="backend.tests.test_iter9_billing_webhooks_pwa.TestBillingCheckout" name="test_checkout_success" time="0.509" /><testcase classname="backend.tests.test_iter9_billing_webhooks_pwa.TestBillingCheckout" name="test_status_for_created_session" time="0.234" /><testcase classname="backend.tests.test_iter9_billing_webhooks_pwa.TestBillingCheckout" name="test_my_subscription_shape" time="0.052" /><testcase classname="backend.tests.test_iter9_billing_webhooks_pwa.TestWebhooks" name="test_events_catalog" time="0.048" /><testcase classname="backend.tests.test_iter9_billing_webhooks_pwa.TestWebhooks" name="test_create_sub_invalid_url" time="0.049" /><testcase classname="backend.tests.test_iter9_billing_webhooks_pwa.TestWebhooks" name="test_create_sub_invalid_event" time="0.046" /><testcase classname="backend.tests.test_iter9_billing_webhooks_pwa.TestWebhooks" name="test_full_sub_lifecycle_and_test_delivery" time="0.561" /><testcase classname="backend.tests.test_iter9_billing_webhooks_pwa.TestWebhooks" name="test_integration_worker_added_triggers_delivery" time="1.174" /><testcase classname="backend.tests.test_iter9_billing_webhooks_pwa.TestWebhooks" name="test_delete_subscription" time="0.052" /><testcase classname="backend.tests.test_iter9_billing_webhooks_pwa.TestPWA" name="test_manifest_served" time="0.138" /></testsuite></testsuites>