<?xml version="1.0" encoding="utf-8"?><testsuites name="pytest tests"><testsuite name="pytest" errors="0" failures="0" skipped="0" tests="14" time="17.408" timestamp="2026-05-22T11:58:20.379996+00:00" hostname="agent-env-1dd6c271-290a-493d-a066-69eaff8cbe4e"><testcase classname="backend.tests.test_iter50_concierge_a11y_forcelogout.TestConciergeChat" name="test_chat_basic_reply_with_pricing" time="3.650" /><testcase classname="backend.tests.test_iter50_concierge_a11y_forcelogout.TestConciergeChat" name="test_chat_session_continuation" time="7.819" /><testcase classname="backend.tests.test_iter50_concierge_a11y_forcelogout.TestConciergeChat" name="test_history_chronological" time="0.167" /><testcase classname="backend.tests.test_iter50_concierge_a11y_forcelogout.TestAccessibilityPrefs" name="test_get_anonymous_returns_null" time="0.106" /><testcase classname="backend.tests.test_iter50_concierge_a11y_forcelogout.TestAccessibilityPrefs" name="test_put_anonymous_not_persisted" time="0.122" /><testcase classname="backend.tests.test_iter50_concierge_a11y_forcelogout.TestAccessibilityPrefs" name="test_put_authenticated_persists_and_roundtrip" time="0.591" /><testcase classname="backend.tests.test_iter50_concierge_a11y_forcelogout.TestForceLogout" name="test_force_logout_invalidates_old_jwt" time="3.636" /><testcase classname="backend.tests.test_iter50_concierge_a11y_forcelogout.TestForceLogout" name="test_force_logout_user_not_found" time="0.112" /><testcase classname="backend.tests.test_iter50_concierge_a11y_forcelogout.TestForceLogout" name="test_force_logout_requires_admin" time="0.110" /><testcase classname="backend.tests.test_iter50_concierge_a11y_forcelogout.TestAuthRegression" name="test_login_me_logout" time="0.568" /><testcase classname="backend.tests.test_iter50_concierge_a11y_forcelogout.TestAuthRegression" name="test_forgot_password_rate_limited_or_ok" time="0.106" /><testcase classname="backend.tests.test_iter50_concierge_a11y_forcelogout.TestAdminRegression" name="test_dashboard_kpi" time="0.113" /><testcase classname="backend.tests.test_iter50_concierge_a11y_forcelogout.TestAdminRegression" name="test_accounts_list" time="0.117" /><testcase classname="backend.tests.test_iter50_concierge_a11y_forcelogout.TestAdminRegression" name="test_audit_logs" time="0.122" /></testsuite></testsuites>