<?xml version="1.0" encoding="utf-8"?><testsuites name="pytest tests"><testsuite name="pytest" errors="0" failures="0" skipped="0" tests="21" time="39.236" timestamp="2026-04-30T10:43:11.639172+00:00" hostname="agent-env-1dd6c271-290a-493d-a066-69eaff8cbe4e"><testcase classname="backend.tests.test_iter14_risk_register.TestLibrarySeed" name="test_process_seed" time="0.539" /><testcase classname="backend.tests.test_iter14_risk_register.TestLibrarySeed" name="test_activity_seed" time="0.047" /><testcase classname="backend.tests.test_iter14_risk_register.TestLibrarySeed" name="test_control_seed" time="0.056" /><testcase classname="backend.tests.test_iter14_risk_register.TestLibrarySeed" name="test_seed_idempotent" time="0.145" /><testcase classname="backend.tests.test_iter14_risk_register.TestLibrarySeed" name="test_hrcw_meta_19" time="0.051" /><testcase classname="backend.tests.test_iter14_risk_register.TestLibraryCRUD" name="test_process_crud" time="0.149" /><testcase classname="backend.tests.test_iter14_risk_register.TestLibraryCRUD" name="test_task_hrcw_persistence" time="0.147" /><testcase classname="backend.tests.test_iter14_risk_register.TestRiskRegister" name="test_create_risk_levels" time="0.049" /><testcase classname="backend.tests.test_iter14_risk_register.TestRiskRegister" name="test_patch_audit_log_grows" time="0.099" /><testcase classname="backend.tests.test_iter14_risk_register.TestRiskRegister" name="test_summary_shape" time="0.045" /><testcase classname="backend.tests.test_iter14_risk_register.TestReviewFlow" name="test_full_flow" time="0.318" /><testcase classname="backend.tests.test_iter14_risk_register.TestReviewFlow" name="test_request_changes_and_reject" time="0.393" /><testcase classname="backend.tests.test_iter14_risk_register.TestAIEndpoints" name="test_suggest_risks" time="16.753" /><testcase classname="backend.tests.test_iter14_risk_register.TestAIEndpoints" name="test_suggest_controls" time="11.034" /><testcase classname="backend.tests.test_iter14_risk_register.TestAIEndpoints" name="test_review_summary" time="4.209" /><testcase classname="backend.tests.test_iter14_risk_register.TestAIEndpoints" name="test_evidence" time="4.784" /><testcase classname="backend.tests.test_iter14_risk_register.TestAIEndpoints" name="test_intelligence" time="0.046" /><testcase classname="backend.tests.test_iter14_risk_register.TestRegression" name="test_workers" time="0.043" /><testcase classname="backend.tests.test_iter14_risk_register.TestRegression" name="test_reports_catalog" time="0.044" /><testcase classname="backend.tests.test_iter14_risk_register.TestRegression" name="test_auth_me" time="0.043" /><testcase classname="backend.tests.test_iter14_risk_register" name="test_zz_cleanup" time="0.176" /></testsuite></testsuites>