<?xml version="1.0" encoding="utf-8"?><testsuites name="pytest tests"><testsuite name="pytest" errors="0" failures="0" skipped="0" tests="2" time="100.963" timestamp="2026-04-30T03:04:16.607852+00:00" hostname="agent-env-1dd6c271-290a-493d-a066-69eaff8cbe4e"><testcase classname="backend.tests.test_ai_doc_gen_retest" name="test_generate_endpoint_returns_clean_status" time="50.547" /><testcase classname="backend.tests.test_ai_doc_gen_retest" name="test_event_loop_not_blocked_during_generation" time="50.203" /></testsuite></testsuites>