<?xml version="1.0" encoding="utf-8"?><testsuites name="pytest tests"><testsuite name="pytest" errors="0" failures="0" skipped="0" tests="19" time="5.418" timestamp="2026-05-27T21:50:57.087479+00:00" hostname="agent-env-1dd6c271-290a-493d-a066-69eaff8cbe4e"><testcase classname="backend.tests.test_capa_people_picker.TestPeoplePicker" name="test_picker_default_returns_me_first" time="0.625" /><testcase classname="backend.tests.test_capa_people_picker.TestPeoplePicker" name="test_picker_include_me_false_strips_me" time="0.109" /><testcase classname="backend.tests.test_capa_people_picker.TestPeoplePicker" name="test_picker_search_no_match" time="0.117" /><testcase classname="backend.tests.test_capa_people_picker.TestPeoplePicker" name="test_picker_limit_caps" time="0.123" /><testcase classname="backend.tests.test_capa_people_picker.TestPeoplePicker" name="test_picker_search_match" time="0.122" /><testcase classname="backend.tests.test_capa_people_picker.TestPeoplePicker" name="test_picker_source_types_present" time="0.273" /><testcase classname="backend.tests.test_capa_people_picker.TestCapaCRUD" name="test_isolation_secondary_empty_of_primary_capas" time="0.585" /><testcase classname="backend.tests.test_capa_people_picker.TestCapaCRUD" name="test_create_minimal" time="0.114" /><testcase classname="backend.tests.test_capa_people_picker.TestCapaCRUD" name="test_create_empty_description_400" time="0.109" /><testcase classname="backend.tests.test_capa_people_picker.TestCapaCRUD" name="test_create_with_picker_object" time="0.139" /><testcase classname="backend.tests.test_capa_people_picker.TestCapaCRUD" name="test_create_with_legacy_string_assignee" time="0.112" /><testcase classname="backend.tests.test_capa_people_picker.TestCapaCRUD" name="test_get_single_and_404" time="0.334" /><testcase classname="backend.tests.test_capa_people_picker.TestCapaCRUD" name="test_filters_status_action_linked" time="0.528" /><testcase classname="backend.tests.test_capa_people_picker.TestCapaCRUD" name="test_patch_status" time="0.323" /><testcase classname="backend.tests.test_capa_people_picker.TestCapaCRUD" name="test_close_capa" time="0.371" /><testcase classname="backend.tests.test_capa_people_picker.TestCapaCRUD" name="test_delete_soft" time="0.401" /><testcase classname="backend.tests.test_capa_people_picker.TestCapaCRUD" name="test_summary" time="0.107" /><testcase classname="backend.tests.test_capa_people_picker.TestAcceptRemediationCapa" name="test_accept_remediation_spawns_capa" time="0.483" /><testcase classname="backend.tests.test_capa_people_picker.TestAcceptRemediationCapa" name="test_accept_remediation_empty_400" time="0.374" /></testsuite></testsuites>