<?xml version="1.0" encoding="utf-8"?><testsuites name="pytest tests"><testsuite name="pytest" errors="0" failures="0" skipped="0" tests="54" time="4.265" timestamp="2026-04-30T04:00:53.016418+00:00" hostname="agent-env-1dd6c271-290a-493d-a066-69eaff8cbe4e"><testcase classname="backend.tests.test_safety_modules.TestAuthGuard" name="test_no_token_rejected[/safety/summary]" time="0.203" /><testcase classname="backend.tests.test_safety_modules.TestAuthGuard" name="test_no_token_rejected[/safety/toolbox_talks]" time="0.114" /><testcase classname="backend.tests.test_safety_modules.TestAuthGuard" name="test_no_token_rejected[/safety/plant]" time="0.102" /><testcase classname="backend.tests.test_safety_modules.TestAuthGuard" name="test_no_token_rejected[/safety/substances]" time="0.107" /><testcase classname="backend.tests.test_safety_modules.TestAuthGuard" name="test_no_token_rejected[/safety/inspections]" time="0.144" /><testcase classname="backend.tests.test_safety_modules.TestAuthGuard" name="test_no_token_rejected[/safety/risks]" time="0.112" /><testcase classname="backend.tests.test_safety_modules.TestAuthGuard" name="test_no_token_rejected[/safety/first_aid]" time="0.100" /><testcase classname="backend.tests.test_safety_modules.TestAuthGuard" name="test_no_token_rejected[/safety/ppe]" time="0.103" /><testcase classname="backend.tests.test_safety_modules.TestSafetySummary" name="test_summary_returns_all_7_keys" time="0.384" /><testcase classname="backend.tests.test_safety_modules.TestSafetySummary" name="test_unknown_module_returns_404" time="0.045" /><testcase classname="backend.tests.test_safety_modules.TestSafetyCRUD" name="test_create[toolbox_talks]" time="0.049" /><testcase classname="backend.tests.test_safety_modules.TestSafetyCRUD" name="test_create[plant]" time="0.050" /><testcase classname="backend.tests.test_safety_modules.TestSafetyCRUD" name="test_create[substances]" time="0.054" /><testcase classname="backend.tests.test_safety_modules.TestSafetyCRUD" name="test_create[inspections]" time="0.051" /><testcase classname="backend.tests.test_safety_modules.TestSafetyCRUD" name="test_create[risks]" time="0.050" /><testcase classname="backend.tests.test_safety_modules.TestSafetyCRUD" name="test_create[first_aid]" time="0.049" /><testcase classname="backend.tests.test_safety_modules.TestSafetyCRUD" name="test_create[ppe]" time="0.054" /><testcase classname="backend.tests.test_safety_modules.TestSafetyCRUD" name="test_risks_inherent_compute" time="0.082" /><testcase classname="backend.tests.test_safety_modules.TestSafetyCRUD" name="test_risks_level_thresholds[1-low]" time="0.095" /><testcase classname="backend.tests.test_safety_modules.TestSafetyCRUD" name="test_risks_level_thresholds[4-low]" time="0.099" /><testcase classname="backend.tests.test_safety_modules.TestSafetyCRUD" name="test_risks_level_thresholds[9-medium]" time="0.101" /><testcase classname="backend.tests.test_safety_modules.TestSafetyCRUD" name="test_risks_level_thresholds[15-high]" time="0.097" /><testcase classname="backend.tests.test_safety_modules.TestSafetyCRUD" name="test_risks_level_thresholds[20-extreme]" time="0.091" /><testcase classname="backend.tests.test_safety_modules.TestSafetyCRUD" name="test_plant_days_compute" time="0.046" /><testcase classname="backend.tests.test_safety_modules.TestSafetyCRUD" name="test_list_contains_created[toolbox_talks]" time="0.046" /><testcase classname="backend.tests.test_safety_modules.TestSafetyCRUD" name="test_list_contains_created[plant]" time="0.052" /><testcase classname="backend.tests.test_safety_modules.TestSafetyCRUD" name="test_list_contains_created[substances]" time="0.046" /><testcase classname="backend.tests.test_safety_modules.TestSafetyCRUD" name="test_list_contains_created[inspections]" time="0.047" /><testcase classname="backend.tests.test_safety_modules.TestSafetyCRUD" name="test_list_contains_created[risks]" time="0.047" /><testcase classname="backend.tests.test_safety_modules.TestSafetyCRUD" name="test_list_contains_created[first_aid]" time="0.046" /><testcase classname="backend.tests.test_safety_modules.TestSafetyCRUD" name="test_list_contains_created[ppe]" time="0.048" /><testcase classname="backend.tests.test_safety_modules.TestSafetyCRUD" name="test_patch[toolbox_talks]" time="0.050" /><testcase classname="backend.tests.test_safety_modules.TestSafetyCRUD" name="test_patch[plant]" time="0.052" /><testcase classname="backend.tests.test_safety_modules.TestSafetyCRUD" name="test_patch[substances]" time="0.046" /><testcase classname="backend.tests.test_safety_modules.TestSafetyCRUD" name="test_patch[inspections]" time="0.048" /><testcase classname="backend.tests.test_safety_modules.TestSafetyCRUD" name="test_patch[risks]" time="0.051" /><testcase classname="backend.tests.test_safety_modules.TestSafetyCRUD" name="test_patch[first_aid]" time="0.049" /><testcase classname="backend.tests.test_safety_modules.TestSafetyCRUD" name="test_patch[ppe]" time="0.053" /><testcase classname="backend.tests.test_safety_modules.TestSafetyCRUD" name="test_summary_reflects_creates" time="0.048" /><testcase classname="backend.tests.test_safety_modules.TestSafetyCRUD" name="test_delete[toolbox_talks]" time="0.100" /><testcase classname="backend.tests.test_safety_modules.TestSafetyCRUD" name="test_delete[plant]" time="0.091" /><testcase classname="backend.tests.test_safety_modules.TestSafetyCRUD" name="test_delete[substances]" time="0.093" /><testcase classname="backend.tests.test_safety_modules.TestSafetyCRUD" name="test_delete[inspections]" time="0.091" /><testcase classname="backend.tests.test_safety_modules.TestSafetyCRUD" name="test_delete[risks]" time="0.096" /><testcase classname="backend.tests.test_safety_modules.TestSafetyCRUD" name="test_delete[first_aid]" time="0.093" /><testcase classname="backend.tests.test_safety_modules.TestSafetyCRUD" name="test_delete[ppe]" time="0.094" /><testcase classname="backend.tests.test_safety_modules.TestRegression" name="test_auth_me" time="0.048" /><testcase classname="backend.tests.test_safety_modules.TestRegression" name="test_business_profile" time="0.043" /><testcase classname="backend.tests.test_safety_modules.TestRegression" name="test_notifications" time="0.047" /><testcase classname="backend.tests.test_safety_modules.TestRegression" name="test_onboarding_state" time="0.044" /><testcase classname="backend.tests.test_safety_modules.TestRegression" name="test_documents_list" time="0.047" /><testcase classname="backend.tests.test_safety_modules.TestRegression" name="test_workers_list" time="0.045" /><testcase classname="backend.tests.test_safety_modules.TestRegression" name="test_incidents_list" time="0.047" /><testcase classname="backend.tests.test_safety_modules.TestRegression" name="test_licences_list" time="0.050" /></testsuite></testsuites>