<?xml version="1.0" encoding="utf-8"?><testsuites name="pytest tests"><testsuite name="pytest" errors="0" failures="0" skipped="0" tests="65" time="21.144" timestamp="2026-05-01T08:16:29.807019+00:00" hostname="agent-env-1dd6c271-290a-493d-a066-69eaff8cbe4e"><testcase classname="backend.tests.test_iter28_routes_split.TestBillingRefactor" name="test_tiers_public" time="0.200" /><testcase classname="backend.tests.test_iter28_routes_split.TestBillingRefactor" name="test_my_subscription" time="0.437" /><testcase classname="backend.tests.test_iter28_routes_split.TestBillingRefactor" name="test_enterprise_demo_request_public" time="0.105" /><testcase classname="backend.tests.test_iter28_routes_split.TestAutomationsRefactor" name="test_recipes_public_for_user" time="0.110" /><testcase classname="backend.tests.test_iter28_routes_split.TestAutomationsRefactor" name="test_list_my_automations" time="0.108" /><testcase classname="backend.tests.test_iter28_routes_split.TestAutomationsRefactor" name="test_crud_lifecycle" time="0.422" /><testcase classname="backend.tests.test_iter28_routes_split.TestAutomationsRefactor" name="test_analytics_summary" time="0.122" /><testcase classname="backend.tests.test_iter28_routes_split.TestAutomationsRefactor" name="test_unknown_action_rejected" time="0.118" /><testcase classname="backend.tests.test_iter28_routes_split.TestAutomationsRefactor" name="test_unknown_event_rejected" time="0.112" /><testcase classname="backend.tests.test_iter28_routes_split.TestWebhookAutomationFanOut" name="test_worker_create_still_works" time="0.101" /><testcase classname="backend.tests.test_iter28_routes_split.TestIndustryPatch" name="test_round_trip" time="0.419" /><testcase classname="backend.tests.test_iter28_routes_split.TestIndustryPatch" name="test_invalid_rejected" time="0.102" /><testcase classname="backend.tests.test_iter27_industries_and_refactor.TestServiceBanner" name="test_root_says_safebase" time="0.115" /><testcase classname="backend.tests.test_iter27_industries_and_refactor.TestIndustriesPublic" name="test_list_industries" time="0.101" /><testcase classname="backend.tests.test_iter27_industries_and_refactor.TestIndustriesPublic" name="test_industry_signal_hospitality" time="0.118" /><testcase classname="backend.tests.test_iter27_industries_and_refactor.TestIndustriesPublic" name="test_industry_signal_unknown_404" time="0.110" /><testcase classname="backend.tests.test_iter27_industries_and_refactor.TestAuthIndustry" name="test_register_persists_industry" time="0.438" /><testcase classname="backend.tests.test_iter27_industries_and_refactor.TestAuthIndustry" name="test_login_includes_industry" time="0.328" /><testcase classname="backend.tests.test_iter27_industries_and_refactor.TestAuthIndustry" name="test_patch_me_industry_valid" time="0.639" /><testcase classname="backend.tests.test_iter27_industries_and_refactor.TestAuthIndustry" name="test_patch_me_industry_invalid" time="0.108" /><testcase classname="backend.tests.test_iter27_industries_and_refactor.TestDocTypesFiltering" name="test_owner_trades_31" time="0.499" /><testcase classname="backend.tests.test_iter27_industries_and_refactor.TestDocTypesFiltering" name="test_hospitality_34" time="0.109" /><testcase classname="backend.tests.test_iter27_industries_and_refactor.TestDocTypesFiltering" name="test_transport_34" time="0.479" /><testcase classname="backend.tests.test_iter27_industries_and_refactor.TestDocTypesFiltering" name="test_healthcare_34" time="0.437" /><testcase classname="backend.tests.test_iter27_industries_and_refactor.TestDocTypesFiltering" name="test_retail_34" time="0.113" /><testcase classname="backend.tests.test_iter27_industries_and_refactor.TestIndustryDocCreation" name="test_hospitality_haccp" time="0.691" /><testcase classname="backend.tests.test_iter27_industries_and_refactor.TestIndustryDocCreation" name="test_transport_cor" time="0.251" /><testcase classname="backend.tests.test_iter27_industries_and_refactor.TestIndustryDocCreation" name="test_healthcare_ahpra" time="0.260" /><testcase classname="backend.tests.test_iter27_industries_and_refactor.TestIndustryDocCreation" name="test_retail_lone_worker" time="0.268" /><testcase classname="backend.tests.test_iter27_industries_and_refactor.TestDocsStats" name="test_stats_has_by_status" time="0.106" /><testcase classname="backend.tests.test_iter27_industries_and_refactor.TestWebhooksRefactor" name="test_events_list" time="0.104" /><testcase classname="backend.tests.test_iter27_industries_and_refactor.TestWebhooksRefactor" name="test_subscription_lifecycle" time="0.835" /><testcase classname="backend.tests.test_iter10_automations.TestRecipes" name="test_get_recipes_returns_six" time="0.424" /><testcase classname="backend.tests.test_iter10_automations.TestAutomationCRUD" name="test_create_valid_slack" time="0.046" /><testcase classname="backend.tests.test_iter10_automations.TestAutomationCRUD" name="test_create_invalid_action" time="0.049" /><testcase classname="backend.tests.test_iter10_automations.TestAutomationCRUD" name="test_create_invalid_event" time="0.047" /><testcase classname="backend.tests.test_iter10_automations.TestAutomationCRUD" name="test_list_includes_created" time="0.048" /><testcase classname="backend.tests.test_iter10_automations.TestAutomationCRUD" name="test_patch_toggle_and_label" time="0.093" /><testcase classname="backend.tests.test_iter10_automations.TestAutomationTestEndpoint" name="test_slack_test_to_httpbin_returns_success" time="0.312" /><testcase classname="backend.tests.test_iter10_automations.TestAutomationTestEndpoint" name="test_webhook_url_test_to_httpbin_success" time="0.280" /><testcase classname="backend.tests.test_iter10_automations.TestAutomationTestEndpoint" name="test_resend_with_bogus_key_does_not_500" time="0.297" /><testcase classname="backend.tests.test_iter10_automations.TestSeverityGate" name="test_severity_below_threshold_skipped" time="0.276" /><testcase classname="backend.tests.test_iter10_automations.TestRunHistory" name="test_runs_recorded" time="1.324" /><testcase classname="backend.tests.test_iter10_automations.TestIntegrationFire" name="test_create_worker_fires_automation" time="3.243" /><testcase classname="backend.tests.test_iter10_automations.TestCleanup" name="test_delete_all_iter10" time="0.091" /><testcase classname="backend.tests.test_iter19_trial.TestRegisterTrial" name="test_register_stamps_trial_fields" time="0.466" /><testcase classname="backend.tests.test_iter19_trial.TestLazyBackfill" name="test_owner_has_trial_fields_via_my_subscription" time="0.559" /><testcase classname="backend.tests.test_iter19_trial.TestActiveSubscriptionShape" name="test_active_sub_overrides_trial_flags" time="0.110" /><testcase classname="backend.tests.test_iter19_trial.TestTrialReminder" name="test_day10_reminder_lazy_and_idempotent" time="0.222" /><testcase classname="backend.tests.test_iter19_trial.TestTrialGateMiddleware" name="test_expired_trial_blocks_writes_allows_reads" time="0.412" /><testcase classname="backend.tests.test_iter19_trial.TestTrialGateMiddleware" name="test_active_subscription_bypasses_gate" time="0.107" /><testcase classname="backend.tests.test_iter19_trial.TestRegression" name="test_login_still_works" time="0.322" /><testcase classname="backend.tests.test_iter19_trial.TestRegression" name="test_get_workers_works" time="0.113" /><testcase classname="backend.tests.test_iter9_billing_webhooks_pwa.TestBillingCheckout" name="test_checkout_invalid_tier" time="0.365" /><testcase classname="backend.tests.test_iter9_billing_webhooks_pwa.TestBillingCheckout" name="test_checkout_missing_origin" time="0.048" /><testcase classname="backend.tests.test_iter9_billing_webhooks_pwa.TestBillingCheckout" name="test_checkout_success" time="0.534" /><testcase classname="backend.tests.test_iter9_billing_webhooks_pwa.TestBillingCheckout" name="test_status_for_created_session" time="0.221" /><testcase classname="backend.tests.test_iter9_billing_webhooks_pwa.TestBillingCheckout" name="test_my_subscription_shape" time="0.044" /><testcase classname="backend.tests.test_iter9_billing_webhooks_pwa.TestWebhooks" name="test_events_catalog" time="0.048" /><testcase classname="backend.tests.test_iter9_billing_webhooks_pwa.TestWebhooks" name="test_create_sub_invalid_url" time="0.046" /><testcase classname="backend.tests.test_iter9_billing_webhooks_pwa.TestWebhooks" name="test_create_sub_invalid_event" time="0.045" /><testcase classname="backend.tests.test_iter9_billing_webhooks_pwa.TestWebhooks" name="test_full_sub_lifecycle_and_test_delivery" time="0.960" /><testcase classname="backend.tests.test_iter9_billing_webhooks_pwa.TestWebhooks" name="test_integration_worker_added_triggers_delivery" time="1.162" /><testcase classname="backend.tests.test_iter9_billing_webhooks_pwa.TestWebhooks" name="test_delete_subscription" time="0.045" /><testcase classname="backend.tests.test_iter9_billing_webhooks_pwa.TestPWA" name="test_manifest_served" time="0.122" /></testsuite></testsuites>