<?xml version="1.0" encoding="utf-8"?><testsuites name="pytest tests"><testsuite name="pytest" errors="0" failures="0" skipped="0" tests="19" time="55.876" timestamp="2026-04-30T23:59:06.643602+00:00" hostname="agent-env-1dd6c271-290a-493d-a066-69eaff8cbe4e"><testcase classname="backend.tests.test_iter20_swms" name="test_reference_data" time="0.575" /><testcase classname="backend.tests.test_iter20_swms" name="test_suggest_hrcw_solar" time="0.122" /><testcase classname="backend.tests.test_iter20_swms" name="test_suggest_hrcw_unknown" time="0.131" /><testcase classname="backend.tests.test_iter20_swms" name="test_suggest_hrcw_underground" time="0.126" /><testcase classname="backend.tests.test_iter20_swms" name="test_suggest_rows_structure" time="50.640" /><testcase classname="backend.tests.test_iter20_swms" name="test_create_swms" time="0.177" /><testcase classname="backend.tests.test_iter20_swms" name="test_list_swms" time="0.140" /><testcase classname="backend.tests.test_iter20_swms" name="test_get_swms" time="0.149" /><testcase classname="backend.tests.test_iter20_swms" name="test_patch_swms_draft_no_bump" time="0.158" /><testcase classname="backend.tests.test_iter20_swms" name="test_patch_swms_bumps_after_signed" time="0.360" /><testcase classname="backend.tests.test_iter20_swms" name="test_duplicate_swms" time="0.138" /><testcase classname="backend.tests.test_iter20_swms" name="test_sign_swms_in_person" time="0.133" /><testcase classname="backend.tests.test_iter20_swms" name="test_sign_missing_sig" time="0.117" /><testcase classname="backend.tests.test_iter20_swms" name="test_send_sign_links_and_public_sign" time="0.642" /><testcase classname="backend.tests.test_iter20_swms" name="test_status_reviewed_pushes_review_date" time="0.379" /><testcase classname="backend.tests.test_iter20_swms" name="test_status_invalid" time="0.113" /><testcase classname="backend.tests.test_iter20_swms" name="test_link_incident_locks" time="0.278" /><testcase classname="backend.tests.test_iter20_swms" name="test_pdf_download" time="0.821" /><testcase classname="backend.tests.test_iter20_swms" name="test_soft_then_hard_delete" time="0.502" /></testsuite></testsuites>