<?xml version="1.0" encoding="utf-8"?><testsuites name="pytest tests"><testsuite name="pytest" errors="0" failures="0" skipped="0" tests="34" time="10.672" timestamp="2026-05-01T00:25:50.120075+00:00" hostname="agent-env-1dd6c271-290a-493d-a066-69eaff8cbe4e"><testcase classname="backend.tests.test_iter22_doc_library_phase3" name="test_types_returns_16_total_with_phase3" time="0.674" /><testcase classname="backend.tests.test_iter22_doc_library_phase3" name="test_types_includes_new_table_field_types" time="0.111" /><testcase classname="backend.tests.test_iter22_doc_library_phase3" name="test_auth_required_phase3[/api/docs/whs_mgmt_plan-POST]" time="0.128" /><testcase classname="backend.tests.test_iter22_doc_library_phase3" name="test_auth_required_phase3[/api/docs/lift_plan-POST]" time="0.114" /><testcase classname="backend.tests.test_iter22_doc_library_phase3" name="test_auth_required_phase3[/api/docs/ccew-POST]" time="0.116" /><testcase classname="backend.tests.test_iter22_doc_library_phase3" name="test_unknown_doc_type_returns_404" time="0.129" /><testcase classname="backend.tests.test_iter22_doc_library_phase3" name="test_list_filters_by_doc_type[whs_mgmt_plan]" time="1.262" /><testcase classname="backend.tests.test_iter22_doc_library_phase3" name="test_list_filters_by_doc_type[asbestos_register]" time="0.145" /><testcase classname="backend.tests.test_iter22_doc_library_phase3" name="test_list_filters_by_doc_type[ccew]" time="0.107" /><testcase classname="backend.tests.test_iter22_doc_library_phase3" name="test_list_filters_by_doc_type[plumbing_coc]" time="0.114" /><testcase classname="backend.tests.test_iter22_doc_library_phase3" name="test_list_filters_by_doc_type[hot_work_permit]" time="0.105" /><testcase classname="backend.tests.test_iter22_doc_library_phase3" name="test_list_filters_by_doc_type[excavation_permit]" time="0.112" /><testcase classname="backend.tests.test_iter22_doc_library_phase3" name="test_list_filters_by_doc_type[lift_plan]" time="0.139" /><testcase classname="backend.tests.test_iter22_doc_library_phase3" name="test_list_filters_by_doc_type[fall_protection]" time="0.124" /><testcase classname="backend.tests.test_iter22_doc_library_phase3" name="test_get_single_doc[whs_mgmt_plan]" time="0.109" /><testcase classname="backend.tests.test_iter22_doc_library_phase3" name="test_get_single_doc[asbestos_register]" time="0.115" /><testcase classname="backend.tests.test_iter22_doc_library_phase3" name="test_get_single_doc[ccew]" time="0.130" /><testcase classname="backend.tests.test_iter22_doc_library_phase3" name="test_get_single_doc[plumbing_coc]" time="0.116" /><testcase classname="backend.tests.test_iter22_doc_library_phase3" name="test_get_single_doc[hot_work_permit]" time="0.140" /><testcase classname="backend.tests.test_iter22_doc_library_phase3" name="test_get_single_doc[excavation_permit]" time="0.118" /><testcase classname="backend.tests.test_iter22_doc_library_phase3" name="test_get_single_doc[lift_plan]" time="0.112" /><testcase classname="backend.tests.test_iter22_doc_library_phase3" name="test_get_single_doc[fall_protection]" time="0.110" /><testcase classname="backend.tests.test_iter22_doc_library_phase3" name="test_pdf_returns_application_pdf_size_gt_5000[whs_mgmt_plan]" time="0.619" /><testcase classname="backend.tests.test_iter22_doc_library_phase3" name="test_pdf_returns_application_pdf_size_gt_5000[asbestos_register]" time="0.231" /><testcase classname="backend.tests.test_iter22_doc_library_phase3" name="test_pdf_returns_application_pdf_size_gt_5000[ccew]" time="0.239" /><testcase classname="backend.tests.test_iter22_doc_library_phase3" name="test_pdf_returns_application_pdf_size_gt_5000[plumbing_coc]" time="0.197" /><testcase classname="backend.tests.test_iter22_doc_library_phase3" name="test_pdf_returns_application_pdf_size_gt_5000[hot_work_permit]" time="0.287" /><testcase classname="backend.tests.test_iter22_doc_library_phase3" name="test_pdf_returns_application_pdf_size_gt_5000[excavation_permit]" time="0.192" /><testcase classname="backend.tests.test_iter22_doc_library_phase3" name="test_pdf_returns_application_pdf_size_gt_5000[lift_plan]" time="0.201" /><testcase classname="backend.tests.test_iter22_doc_library_phase3" name="test_pdf_returns_application_pdf_size_gt_5000[fall_protection]" time="0.203" /><testcase classname="backend.tests.test_iter22_doc_library_phase3" name="test_patch_lift_plan_updates_load_weight_and_hazards" time="0.246" /><testcase classname="backend.tests.test_iter22_doc_library_phase3" name="test_delete_archives_then_removes_phase3" time="0.643" /><testcase classname="backend.tests.test_iter22_doc_library_phase3" name="test_phase2_regression_pdf[jsa-payload0]" time="0.608" /><testcase classname="backend.tests.test_iter22_doc_library_phase3" name="test_phase2_regression_pdf[emergency_plan-payload1]" time="2.571" /></testsuite></testsuites>