<?xml version="1.0" encoding="utf-8"?><testsuites name="pytest tests"><testsuite name="pytest" errors="0" failures="0" skipped="0" tests="22" time="26.505" timestamp="2026-05-28T07:59:05.633951+00:00" hostname="agent-env-1dd6c271-290a-493d-a066-69eaff8cbe4e"><testcase classname="backend.tests.test_iter56_phase1.TestIndustry403" name="test_library_process_cross_industry_403" time="0.528" /><testcase classname="backend.tests.test_iter56_phase1.TestIndustry403" name="test_library_process_same_industry_200" time="0.117" /><testcase classname="backend.tests.test_iter56_phase1.TestIndustry403" name="test_library_process_default_200" time="0.106" /><testcase classname="backend.tests.test_iter56_phase1.TestIndustry403" name="test_risks_cross_industry_403" time="0.111" /><testcase classname="backend.tests.test_iter56_phase1.TestIndustry403" name="test_risks_same_industry_200" time="0.094" /><testcase classname="backend.tests.test_iter56_phase1.TestIndustry403" name="test_risks_default_200" time="0.092" /><testcase classname="backend.tests.test_iter56_phase1.TestIndustry403" name="test_academy_catalogue_cross_403" time="0.100" /><testcase classname="backend.tests.test_iter56_phase1.TestIndustry403" name="test_academy_catalogue_default_200" time="0.184" /><testcase classname="backend.tests.test_iter56_phase1.TestIndustry403" name="test_ai_docs_types_cross_403" time="0.112" /><testcase classname="backend.tests.test_iter56_phase1.TestIndustry403" name="test_ai_docs_types_default_200" time="0.105" /><testcase classname="backend.tests.test_iter56_phase1.TestLibraryCreateNew" name="test_create_activity" time="0.322" /><testcase classname="backend.tests.test_iter56_phase1.TestLibraryCreateNew" name="test_create_task" time="0.307" /><testcase classname="backend.tests.test_iter56_phase1.TestServerSideMeResolution" name="test_capa_me_override" time="0.108" /><testcase classname="backend.tests.test_iter56_phase1.TestServerSideMeResolution" name="test_risk_me_override_owner_and_action" time="0.149" /><testcase classname="backend.tests.test_iter56_phase1.TestCustomDocs" name="test_propose_custom_doc" time="22.763" /><testcase classname="backend.tests.test_iter56_phase1.TestCustomDocs" name="test_persist_custom_doc" time="0.173" /><testcase classname="backend.tests.test_iter56_phase1.TestCustomDocs" name="test_list_custom_docs" time="0.098" /><testcase classname="backend.tests.test_iter56_phase1.TestCustomDocs" name="test_hospi_does_not_see_trades_custom" time="0.423" /><testcase classname="backend.tests.test_iter56_phase1.TestCustomDocs" name="test_list_custom_empty_returns_200_not_404" time="0.100" /><testcase classname="backend.tests.test_iter56_phase1.TestCustomDocs" name="test_delete_custom_doc" time="0.206" /><testcase classname="backend.tests.test_iter56_phase1.TestRegression" name="test_users_picker" time="0.108" /><testcase classname="backend.tests.test_iter56_phase1.TestRegression" name="test_capa_list" time="0.105" /></testsuite></testsuites>