<?xml version="1.0" encoding="utf-8"?><testsuites name="pytest tests"><testsuite name="pytest" errors="0" failures="0" skipped="0" tests="13" time="3.137" timestamp="2026-05-01T16:24:52.325137+00:00" hostname="agent-env-1dd6c271-290a-493d-a066-69eaff8cbe4e"><testcase classname="backend.tests.test_iter37_pricing.TestTiers" name="test_tiers_returns_40" time="0.152" /><testcase classname="backend.tests.test_iter37_pricing.TestTiers" name="test_spot_check_amounts" time="0.054" /><testcase classname="backend.tests.test_iter37_pricing.TestTiers" name="test_new_slug_groups_present" time="0.054" /><testcase classname="backend.tests.test_iter37_pricing.TestTiers" name="test_currency_aud" time="0.055" /><testcase classname="backend.tests.test_iter37_pricing.TestCheckout" name="test_checkout_sole_trader_annual" time="0.950" /><testcase classname="backend.tests.test_iter37_pricing.TestCheckout" name="test_checkout_health_enterprise_annual" time="0.496" /><testcase classname="backend.tests.test_iter37_pricing.TestCheckout" name="test_checkout_new_retail_slug" time="0.542" /><testcase classname="backend.tests.test_iter37_pricing.TestCheckout" name="test_checkout_invalid_slug_400" time="0.122" /><testcase classname="backend.tests.test_iter37_pricing.TestTradesRegression" name="test_features_me" time="0.128" /><testcase classname="backend.tests.test_iter37_pricing.TestTradesRegression" name="test_swms" time="0.117" /><testcase classname="backend.tests.test_iter37_pricing.TestTradesRegression" name="test_incidents" time="0.109" /><testcase classname="backend.tests.test_iter37_pricing.TestTradesRegression" name="test_workers" time="0.133" /><testcase classname="backend.tests.test_iter37_pricing.TestTradesRegression" name="test_compliance_inbox_summary" time="0.150" /></testsuite></testsuites>