<?xml version="1.0" encoding="utf-8"?><testsuites name="pytest tests"><testsuite name="pytest" errors="0" failures="1" skipped="0" tests="17" time="2.872" timestamp="2026-05-28T10:47:19.727239+00:00" hostname="agent-env-1dd6c271-290a-493d-a066-69eaff8cbe4e"><testcase classname="backend.tests.test_iter59_hazard_library.TestHazardLibraryList" name="test_industry_locked_trades" time="0.547" /><testcase classname="backend.tests.test_iter59_hazard_library.TestHazardLibraryList" name="test_response_hazard_shape" time="0.132" /><testcase classname="backend.tests.test_iter59_hazard_library.TestHazardLibraryList" name="test_cross_industry_403" time="0.141" /><testcase classname="backend.tests.test_iter59_hazard_library.TestHazardLibraryList" name="test_same_industry_explicit_ok" time="0.098" /><testcase classname="backend.tests.test_iter59_hazard_library.TestHazardLibraryList" name="test_hospitality_user_gets_hospitality" time="0.432" /><testcase classname="backend.tests.test_iter59_hazard_library.TestHazardLibraryList" name="test_category_filter" time="0.105" /><testcase classname="backend.tests.test_iter59_hazard_library.TestHazardDetail" name="test_get_known_hazard" time="0.135" /><testcase classname="backend.tests.test_iter59_hazard_library.TestHazardDetail" name="test_get_unknown_hazard_404" time="0.099" /><testcase classname="backend.tests.test_iter59_hazard_library.TestHazardDetail" name="test_get_cross_industry_hazard_404" time="0.112" /><testcase classname="backend.tests.test_iter59_hazard_library.TestRegression" name="test_me_endpoint" time="0.100"><failure message="assert 404 == 200&#10; +  where 404 = &lt;Response [404]&gt;.status_code">backend/tests/test_iter59_hazard_library.py:113: in test_me_endpoint
    assert r.status_code == 200
E   assert 404 == 200
E    +  where 404 = &lt;Response [404]&gt;.status_code</failure></testcase><testcase classname="backend.tests.test_iter59_hazard_library.TestRegression" name="test_inbox_endpoint" time="0.105" /><testcase classname="backend.tests.test_iter59_hazard_library.TestRegression" name="test_inbox_summary" time="0.157" /><testcase classname="backend.tests.test_iter59_hazard_library.TestRegression" name="test_risks_list" time="0.105" /><testcase classname="backend.tests.test_iter59_hazard_library.TestRegression" name="test_incidents_list" time="0.141" /><testcase classname="backend.tests.test_iter59_hazard_library.TestRegression" name="test_capa_list" time="0.147" /><testcase classname="backend.tests.test_iter59_hazard_library.TestRegression" name="test_workers_list" time="0.107" /><testcase classname="backend.tests.test_iter59_hazard_library.TestRegression" name="test_unauthorized_no_token" time="0.099" /></testsuite></testsuites>