<?xml version="1.0" encoding="utf-8"?><testsuites name="pytest tests"><testsuite name="pytest" errors="0" failures="1" skipped="0" tests="14" time="9.345" timestamp="2026-05-22T10:19:09.304833+00:00" hostname="agent-env-1dd6c271-290a-493d-a066-69eaff8cbe4e"><testcase classname="backend.tests.test_iter49_admin_extended" name="test_admin_me_rejects_customer_token" time="0.665" /><testcase classname="backend.tests.test_iter49_admin_extended" name="test_customer_me_rejects_admin_token" time="0.475" /><testcase classname="backend.tests.test_iter49_admin_extended" name="test_brute_force_lockout_after_5" time="1.832"><failure message="AssertionError: expected 423 locked on 6th, got 401: {&quot;detail&quot;:&quot;Invalid email or password&quot;}&#10;assert 401 == 423&#10; +  where 401 = &lt;Response [401 Unauthorized]&gt;.status_code">backend/tests/test_iter49_admin_extended.py:80: in test_brute_force_lockout_after_5
    assert r6.status_code == 423, f"expected 423 locked on 6th, got {r6.status_code}: {r6.text}"
E   AssertionError: expected 423 locked on 6th, got 401: {"detail":"Invalid email or password"}
E   assert 401 == 423
E    +  where 401 = &lt;Response [401 Unauthorized]&gt;.status_code</failure></testcase><testcase classname="backend.tests.test_iter49_admin_extended" name="test_activity_feed" time="0.521" /><testcase classname="backend.tests.test_iter49_admin_extended" name="test_alerts" time="0.464" /><testcase classname="backend.tests.test_iter49_admin_extended" name="test_accounts_search_filters" time="0.623" /><testcase classname="backend.tests.test_iter49_admin_extended" name="test_extend_trial_caps_at_30" time="0.530" /><testcase classname="backend.tests.test_iter49_admin_extended" name="test_apply_credit_super_admin_succeeds" time="0.601" /><testcase classname="backend.tests.test_iter49_admin_extended" name="test_trials_list" time="0.468" /><testcase classname="backend.tests.test_iter49_admin_extended" name="test_demos_list" time="0.518" /><testcase classname="backend.tests.test_iter49_admin_extended" name="test_users_search" time="0.475" /><testcase classname="backend.tests.test_iter49_admin_extended" name="test_audit_log_filter" time="0.463" /><testcase classname="backend.tests.test_iter49_admin_extended" name="test_totp_enroll_start_returns_qr" time="0.586" /><testcase classname="backend.tests.test_iter49_admin_extended" name="test_totp_enroll_verify_and_2fa_login" time="0.991" /></testsuite></testsuites>