<?xml version="1.0" encoding="utf-8"?><testsuites name="pytest tests"><testsuite name="pytest" errors="0" failures="0" skipped="0" tests="6" time="1.328" timestamp="2026-04-30T09:08:57.958848+00:00" hostname="agent-env-1dd6c271-290a-493d-a066-69eaff8cbe4e"><testcase classname="backend.tests.test_iter13_branding.TestGetBranding" name="test_get_branding_returns_shape" time="0.456" /><testcase classname="backend.tests.test_iter13_branding.TestPutBranding" name="test_put_persists_and_forces_powered_by" time="0.239" /><testcase classname="backend.tests.test_iter13_branding.TestVerifyDns" name="test_verify_dns_returns_pending" time="0.204" /><testcase classname="backend.tests.test_iter13_branding.TestVerifyDns" name="test_verify_dns_requires_subdomain" time="0.106" /><testcase classname="backend.tests.test_iter13_branding.TestTestEmail" name="test_test_email_queued" time="0.135" /><testcase classname="backend.tests.test_iter13_branding.TestBillingTiersRegression" name="test_tiers_has_8_entries" time="0.118" /></testsuite></testsuites>