<?xml version="1.0" encoding="utf-8"?><testsuites name="pytest tests"><testsuite name="pytest" errors="0" failures="0" skipped="0" tests="17" time="1.546" timestamp="2026-05-01T17:20:43.283179+00:00" hostname="agent-env-1dd6c271-290a-493d-a066-69eaff8cbe4e"><testcase classname="backend.tests.test_iter39_aux.TestPlanRightsizer" name="test_trades_solo" time="0.187" /><testcase classname="backend.tests.test_iter39_aux.TestPlanRightsizer" name="test_healthcare_enterprise" time="0.051" /><testcase classname="backend.tests.test_iter39_aux.TestPlanRightsizer" name="test_hospitality_small_group" time="0.047" /><testcase classname="backend.tests.test_iter39_aux.TestPlanRightsizer" name="test_transport_growing_fleet" time="0.051" /><testcase classname="backend.tests.test_iter39_aux.TestPlanRightsizer" name="test_unknown_industry" time="0.065" /><testcase classname="backend.tests.test_iter39_aux.TestRegulatoryDigest" name="test_all_items" time="0.048" /><testcase classname="backend.tests.test_iter39_aux.TestRegulatoryDigest" name="test_filter_healthcare" time="0.049" /><testcase classname="backend.tests.test_iter39_aux.TestRegulatoryDigest" name="test_filter_transport" time="0.053" /><testcase classname="backend.tests.test_iter39_aux.TestDemoRequests" name="test_unauth_returns_401" time="0.054" /><testcase classname="backend.tests.test_iter39_aux.TestDemoRequests" name="test_owner_list" time="0.330" /><testcase classname="backend.tests.test_iter39_aux.TestDemoRequests" name="test_patch_status_flow" time="0.158" /><testcase classname="backend.tests.test_iter39_aux.TestDemoRequests" name="test_patch_invalid_status" time="0.101" /><testcase classname="backend.tests.test_iter39_aux.TestDemoRequests" name="test_patch_nonexistent" time="0.059" /><testcase classname="backend.tests.test_iter39_aux.TestRegression" name="test_billing_tiers" time="0.048" /><testcase classname="backend.tests.test_iter39_aux.TestRegression" name="test_demo_request_public" time="0.049" /><testcase classname="backend.tests.test_iter39_aux.TestRegression" name="test_compliance_inbox" time="0.055" /><testcase classname="backend.tests.test_iter39_aux.TestRegression" name="test_industry_signal_trades" time="0.051" /></testsuite></testsuites>