<?xml version="1.0" encoding="utf-8"?><testsuites name="pytest tests"><testsuite name="pytest" errors="0" failures="0" skipped="0" tests="14" time="23.393" timestamp="2026-04-30T11:46:08.816921+00:00" hostname="agent-env-1dd6c271-290a-493d-a066-69eaff8cbe4e"><testcase classname="backend.tests.test_iter17_risk_remediation" name="test_draft_remediation_404" time="0.546" /><testcase classname="backend.tests.test_iter17_risk_remediation" name="test_draft_remediation_zero_failing" time="0.205" /><testcase classname="backend.tests.test_iter17_risk_remediation" name="test_draft_remediation_shape" time="21.376" /><testcase classname="backend.tests.test_iter17_risk_remediation" name="test_accept_remediation_empty_400" time="0.053" /><testcase classname="backend.tests.test_iter17_risk_remediation" name="test_accept_remediation_both" time="0.059" /><testcase classname="backend.tests.test_iter17_risk_remediation" name="test_review_has_remediation" time="0.049" /><testcase classname="backend.tests.test_iter17_risk_remediation" name="test_risk_has_audit_entry" time="0.047" /><testcase classname="backend.tests.test_iter17_risk_remediation" name="test_notification_emitted" time="0.550" /><testcase classname="backend.tests.test_iter17_risk_remediation" name="test_swms_revisions_list_contains_new" time="0.057" /><testcase classname="backend.tests.test_iter17_risk_remediation" name="test_patch_swms_revision_complete" time="0.051" /><testcase classname="backend.tests.test_iter17_risk_remediation" name="test_patch_swms_revision_404" time="0.050" /><testcase classname="backend.tests.test_iter17_risk_remediation" name="test_accept_remediation_toolbox_only" time="0.101" /><testcase classname="backend.tests.test_iter17_risk_remediation" name="test_accept_remediation_swms_only" time="0.102" /><testcase classname="backend.tests.test_iter17_risk_remediation" name="test_cleanup" time="0.086" /></testsuite></testsuites>