<?xml version="1.0" encoding="utf-8"?><testsuites name="pytest tests"><testsuite name="pytest" errors="0" failures="0" skipped="0" tests="34" time="5.721" timestamp="2026-05-01T13:58:07.871711+00:00" hostname="agent-env-1dd6c271-290a-493d-a066-69eaff8cbe4e"><testcase classname="backend.tests.test_iter35_industry_modules.TestHospitality" name="test_trades_blocked_temperature_logs" time="0.617" /><testcase classname="backend.tests.test_iter35_industry_modules.TestHospitality" name="test_trades_blocked_haccp" time="0.124" /><testcase classname="backend.tests.test_iter35_industry_modules.TestHospitality" name="test_temp_log_in_range" time="0.139" /><testcase classname="backend.tests.test_iter35_industry_modules.TestHospitality" name="test_temp_log_breach_at_9c" time="0.146" /><testcase classname="backend.tests.test_iter35_industry_modules.TestHospitality" name="test_temp_log_get_and_stats" time="0.178" /><testcase classname="backend.tests.test_iter35_industry_modules.TestHospitality" name="test_fss_register" time="0.180" /><testcase classname="backend.tests.test_iter35_industry_modules.TestHospitality" name="test_haccp_allergens_cleaning_and_complete" time="0.290" /><testcase classname="backend.tests.test_iter35_industry_modules.TestHospitality" name="test_suppliers_and_liquor" time="0.165" /><testcase classname="backend.tests.test_iter35_industry_modules.TestHospitality" name="test_inspection_pack" time="0.114" /><testcase classname="backend.tests.test_iter35_industry_modules.TestTransport" name="test_trades_blocked_vehicles" time="0.109" /><testcase classname="backend.tests.test_iter35_industry_modules.TestTransport" name="test_trades_blocked_fatigue" time="0.115" /><testcase classname="backend.tests.test_iter35_industry_modules.TestTransport" name="test_vehicle_create_and_list" time="0.177" /><testcase classname="backend.tests.test_iter35_industry_modules.TestTransport" name="test_pretrip_inspection" time="0.110" /><testcase classname="backend.tests.test_iter35_industry_modules.TestTransport" name="test_fatigue_breach_13h" time="0.114" /><testcase classname="backend.tests.test_iter35_industry_modules.TestTransport" name="test_fatigue_breaches_endpoint" time="0.109" /><testcase classname="backend.tests.test_iter35_industry_modules.TestTransport" name="test_fitness_load_mass_cor" time="0.319" /><testcase classname="backend.tests.test_iter35_industry_modules.TestTransport" name="test_nhvr_24h_deadline" time="0.118" /><testcase classname="backend.tests.test_iter35_industry_modules.TestHealthcare" name="test_trades_blocked_ahpra" time="0.126" /><testcase classname="backend.tests.test_iter35_industry_modules.TestHealthcare" name="test_trades_blocked_sirs" time="0.128" /><testcase classname="backend.tests.test_iter35_industry_modules.TestHealthcare" name="test_ahpra_register_and_expiring" time="0.166" /><testcase classname="backend.tests.test_iter35_industry_modules.TestHealthcare" name="test_worker_screening" time="0.107" /><testcase classname="backend.tests.test_iter35_industry_modules.TestHealthcare" name="test_sirs_p1_24h_deadline" time="0.189" /><testcase classname="backend.tests.test_iter35_industry_modules.TestHealthcare" name="test_ndis_reportable_high_risk" time="0.111" /><testcase classname="backend.tests.test_iter35_industry_modules.TestHealthcare" name="test_acqsc_evidence_and_care_minutes" time="0.177" /><testcase classname="backend.tests.test_iter35_industry_modules.TestRetail" name="test_trades_blocked_lone_worker" time="0.120" /><testcase classname="backend.tests.test_iter35_industry_modules.TestRetail" name="test_trades_blocked_quick_induct" time="0.114" /><testcase classname="backend.tests.test_iter35_industry_modules.TestRetail" name="test_lone_worker_full_flow" time="0.288" /><testcase classname="backend.tests.test_iter35_industry_modules.TestRetail" name="test_quick_induct_and_status" time="0.178" /><testcase classname="backend.tests.test_iter35_industry_modules.TestRetail" name="test_customer_incidents" time="0.106" /><testcase classname="backend.tests.test_iter35_industry_modules.TestRetail" name="test_roster_eligibility" time="0.112" /><testcase classname="backend.tests.test_iter35_industry_modules.TestTradesRegression" name="test_features_me_returns_enabled_set" time="0.130" /><testcase classname="backend.tests.test_iter35_industry_modules.TestTradesRegression" name="test_trades_can_list_swms" time="0.114" /><testcase classname="backend.tests.test_iter35_industry_modules.TestTradesRegression" name="test_trades_can_list_incidents" time="0.121" /><testcase classname="backend.tests.test_iter35_industry_modules.TestTradesRegression" name="test_trades_can_list_workers" time="0.173" /></testsuite></testsuites>