<?xml version="1.0" encoding="utf-8"?><testsuites name="pytest tests"><testsuite name="pytest" errors="0" failures="0" skipped="0" tests="13" time="2.040" timestamp="2026-05-01T16:52:22.341760+00:00" hostname="agent-env-1dd6c271-290a-493d-a066-69eaff8cbe4e"><testcase classname="backend.tests.test_iter38_plan_rightsizer.TestDemoRequest" name="test_missing_industry_returns_400" time="0.136" /><testcase classname="backend.tests.test_iter38_plan_rightsizer.TestDemoRequest" name="test_missing_email_returns_400" time="0.140" /><testcase classname="backend.tests.test_iter38_plan_rightsizer.TestDemoRequest" name="test_missing_first_name_returns_400" time="0.125" /><testcase classname="backend.tests.test_iter38_plan_rightsizer.TestDemoRequest" name="test_valid_request_returns_200_with_request_id" time="0.137" /><testcase classname="backend.tests.test_iter38_plan_rightsizer.TestBillingRegression" name="test_billing_tiers_has_40_entries" time="0.172" /><testcase classname="backend.tests.test_iter38_plan_rightsizer.TestBillingRegression" name="test_billing_tiers_includes_key_products" time="0.113" /><testcase classname="backend.tests.test_iter38_plan_rightsizer.TestTradesRegression" name="test_features_me_200" time="0.463" /><testcase classname="backend.tests.test_iter38_plan_rightsizer.TestTradesRegression" name="test_swms_list_200" time="0.122" /><testcase classname="backend.tests.test_iter38_plan_rightsizer.TestTradesRegression" name="test_incidents_list_200" time="0.109" /><testcase classname="backend.tests.test_iter38_plan_rightsizer.TestTradesRegression" name="test_workers_list_200" time="0.116" /><testcase classname="backend.tests.test_iter38_plan_rightsizer.TestTradesRegression" name="test_compliance_inbox_summary_200" time="0.106" /><testcase classname="backend.tests.test_iter38_plan_rightsizer.TestAuthGating" name="test_features_me_unauthenticated_blocked" time="0.108" /><testcase classname="backend.tests.test_iter38_plan_rightsizer.TestAuthGating" name="test_demo_request_is_public" time="0.121" /></testsuite></testsuites>