<?xml version="1.0" encoding="utf-8"?><testsuites name="pytest tests"><testsuite name="pytest" errors="0" failures="0" skipped="0" tests="13" time="6.731" timestamp="2026-04-30T07:22:03.730354+00:00" hostname="agent-env-1dd6c271-290a-493d-a066-69eaff8cbe4e"><testcase classname="backend.tests.test_iter10_automations.TestRecipes" name="test_get_recipes_returns_six" time="0.559" /><testcase classname="backend.tests.test_iter10_automations.TestAutomationCRUD" name="test_create_valid_slack" time="0.045" /><testcase classname="backend.tests.test_iter10_automations.TestAutomationCRUD" name="test_create_invalid_action" time="0.045" /><testcase classname="backend.tests.test_iter10_automations.TestAutomationCRUD" name="test_create_invalid_event" time="0.044" /><testcase classname="backend.tests.test_iter10_automations.TestAutomationCRUD" name="test_list_includes_created" time="0.044" /><testcase classname="backend.tests.test_iter10_automations.TestAutomationCRUD" name="test_patch_toggle_and_label" time="0.092" /><testcase classname="backend.tests.test_iter10_automations.TestAutomationTestEndpoint" name="test_slack_test_to_httpbin_returns_success" time="0.321" /><testcase classname="backend.tests.test_iter10_automations.TestAutomationTestEndpoint" name="test_webhook_url_test_to_httpbin_success" time="0.274" /><testcase classname="backend.tests.test_iter10_automations.TestAutomationTestEndpoint" name="test_resend_with_bogus_key_does_not_500" time="0.312" /><testcase classname="backend.tests.test_iter10_automations.TestSeverityGate" name="test_severity_below_threshold_skipped" time="0.281" /><testcase classname="backend.tests.test_iter10_automations.TestRunHistory" name="test_runs_recorded" time="1.323" /><testcase classname="backend.tests.test_iter10_automations.TestIntegrationFire" name="test_create_worker_fires_automation" time="3.227" /><testcase classname="backend.tests.test_iter10_automations.TestCleanup" name="test_delete_all_iter10" time="0.091" /></testsuite></testsuites>