<?xml version="1.0" encoding="utf-8"?><testsuites name="pytest tests"><testsuite name="pytest" errors="0" failures="1" skipped="0" tests="11" time="7.737" timestamp="2026-05-01T11:12:54.437710+00:00" hostname="agent-env-1dd6c271-290a-493d-a066-69eaff8cbe4e"><testcase classname="backend.tests.test_iter32_extras.TestAuthPayloadFeatures" name="test_login_includes_enabled_features" time="0.433" /><testcase classname="backend.tests.test_iter32_extras.TestAuthPayloadFeatures" name="test_auth_me_includes_industries_fields" time="0.544" /><testcase classname="backend.tests.test_iter32_extras.TestIndustrySwitcher" name="test_patch_industry_returns_payload_and_appends" time="0.662" /><testcase classname="backend.tests.test_iter32_extras.TestIndustrySwitcher" name="test_get_industries_endpoint_shape" time="0.581" /><testcase classname="backend.tests.test_iter32_extras.TestIndustrySwitcher" name="test_put_industries_updates_roster" time="0.554"><failure message="AssertionError: {&quot;detail&quot;:[{&quot;type&quot;:&quot;missing&quot;,&quot;loc&quot;:[&quot;query&quot;,&quot;body&quot;],&quot;msg&quot;:&quot;Field required&quot;,&quot;input&quot;:null,&quot;url&quot;:&quot;https://errors.pydantic.dev/2.12/v/missing&quot;}]}&#10;assert 422 == 200&#10; +  where 422 = &lt;Response [422]&gt;.status_code">backend/tests/test_iter32_extras.py:107: in test_put_industries_updates_roster
    assert r.status_code == 200, r.text
E   AssertionError: {"detail":[{"type":"missing","loc":["query","body"],"msg":"Field required","input":null,"url":"https://errors.pydantic.dev/2.12/v/missing"}]}
E   assert 422 == 200
E    +  where 422 = &lt;Response [422]&gt;.status_code</failure></testcase><testcase classname="backend.tests.test_iter32_extras.TestSwmsTradesRegression" name="test_post_swms_trades" time="0.557" /><testcase classname="backend.tests.test_iter32_extras.TestSafeInductIndustry" name="test_default_questions_per_industry" time="1.485" /><testcase classname="backend.tests.test_iter32_extras.TestSafeInductIndustry" name="test_program_create_applies_industry_defaults" time="0.555" /><testcase classname="backend.tests.test_iter32_extras.TestSafeCheckCredentials" name="test_required_credentials_trades" time="0.553" /><testcase classname="backend.tests.test_iter32_extras.TestSafeCheckCredentials" name="test_required_credentials_hospitality" time="0.745" /><testcase classname="backend.tests.test_iter32_extras.TestSafeCheckCredentials" name="test_validate_listing_returns_coverage" time="0.967" /></testsuite></testsuites>