<?xml version="1.0" encoding="utf-8"?><testsuites name="pytest tests"><testsuite name="pytest" errors="0" failures="0" skipped="0" tests="5" time="1.103" timestamp="2026-05-02T15:42:29.302170+00:00" hostname="agent-env-1dd6c271-290a-493d-a066-69eaff8cbe4e"><testcase classname="backend.tests.test_iter44_regression" name="test_billing_tiers_returns_40_slugs" time="0.538" /><testcase classname="backend.tests.test_iter44_regression" name="test_billing_tiers_prices_present" time="0.047" /><testcase classname="backend.tests.test_iter44_regression" name="test_regulator_pipeline_matrices" time="0.346" /><testcase classname="backend.tests.test_iter44_regression" name="test_scheduling_mandatory_credentials" time="0.049" /><testcase classname="backend.tests.test_iter44_regression" name="test_api_keys_integration_targets" time="0.054" /></testsuite></testsuites>