<?xml version="1.0" encoding="utf-8"?><testsuites name="pytest tests"><testsuite name="pytest" errors="0" failures="0" skipped="0" tests="20" time="8.196" timestamp="2026-05-01T07:41:11.614908+00:00" hostname="agent-env-1dd6c271-290a-493d-a066-69eaff8cbe4e"><testcase classname="backend.tests.test_iter27_industries_and_refactor.TestServiceBanner" name="test_root_says_safebase" time="0.218" /><testcase classname="backend.tests.test_iter27_industries_and_refactor.TestIndustriesPublic" name="test_list_industries" time="0.107" /><testcase classname="backend.tests.test_iter27_industries_and_refactor.TestIndustriesPublic" name="test_industry_signal_hospitality" time="0.125" /><testcase classname="backend.tests.test_iter27_industries_and_refactor.TestIndustriesPublic" name="test_industry_signal_unknown_404" time="0.115" /><testcase classname="backend.tests.test_iter27_industries_and_refactor.TestAuthIndustry" name="test_register_persists_industry" time="0.461" /><testcase classname="backend.tests.test_iter27_industries_and_refactor.TestAuthIndustry" name="test_login_includes_industry" time="0.346" /><testcase classname="backend.tests.test_iter27_industries_and_refactor.TestAuthIndustry" name="test_patch_me_industry_valid" time="0.717" /><testcase classname="backend.tests.test_iter27_industries_and_refactor.TestAuthIndustry" name="test_patch_me_industry_invalid" time="0.149" /><testcase classname="backend.tests.test_iter27_industries_and_refactor.TestDocTypesFiltering" name="test_owner_trades_31" time="0.464" /><testcase classname="backend.tests.test_iter27_industries_and_refactor.TestDocTypesFiltering" name="test_hospitality_34" time="0.132" /><testcase classname="backend.tests.test_iter27_industries_and_refactor.TestDocTypesFiltering" name="test_transport_34" time="0.468" /><testcase classname="backend.tests.test_iter27_industries_and_refactor.TestDocTypesFiltering" name="test_healthcare_34" time="0.452" /><testcase classname="backend.tests.test_iter27_industries_and_refactor.TestDocTypesFiltering" name="test_retail_34" time="0.118" /><testcase classname="backend.tests.test_iter27_industries_and_refactor.TestIndustryDocCreation" name="test_hospitality_haccp" time="2.280" /><testcase classname="backend.tests.test_iter27_industries_and_refactor.TestIndustryDocCreation" name="test_transport_cor" time="0.281" /><testcase classname="backend.tests.test_iter27_industries_and_refactor.TestIndustryDocCreation" name="test_healthcare_ahpra" time="0.282" /><testcase classname="backend.tests.test_iter27_industries_and_refactor.TestIndustryDocCreation" name="test_retail_lone_worker" time="0.283" /><testcase classname="backend.tests.test_iter27_industries_and_refactor.TestDocsStats" name="test_stats_has_by_status" time="0.116" /><testcase classname="backend.tests.test_iter27_industries_and_refactor.TestWebhooksRefactor" name="test_events_list" time="0.116" /><testcase classname="backend.tests.test_iter27_industries_and_refactor.TestWebhooksRefactor" name="test_subscription_lifecycle" time="0.883" /></testsuite></testsuites>