<?xml version="1.0" encoding="utf-8"?><testsuites name="pytest tests"><testsuite name="pytest" errors="0" failures="0" skipped="0" tests="9" time="2.181" timestamp="2026-05-28T08:23:24.556936+00:00" hostname="agent-env-1dd6c271-290a-493d-a066-69eaff8cbe4e"><testcase classname="backend.tests.test_iter58_inbox.TestInboxList" name="test_inbox_returns_200_and_list" time="0.522" /><testcase classname="backend.tests.test_iter58_inbox.TestInboxList" name="test_inbox_nonempty_for_trades_demo" time="0.111" /><testcase classname="backend.tests.test_iter58_inbox.TestInboxList" name="test_inbox_row_shape" time="0.137" /><testcase classname="backend.tests.test_iter58_inbox.TestInboxList" name="test_inbox_kinds_include_capa_or_risk" time="0.132" /><testcase classname="backend.tests.test_iter58_inbox.TestInboxList" name="test_inbox_status_open_filters" time="0.210" /><testcase classname="backend.tests.test_iter58_inbox.TestInboxList" name="test_open_url_is_routed" time="0.107" /><testcase classname="backend.tests.test_iter58_inbox.TestInboxSummary" name="test_summary_shape" time="0.109" /><testcase classname="backend.tests.test_iter58_inbox.TestInboxSummary" name="test_summary_total_matches_inbox" time="0.253" /><testcase classname="backend.tests.test_iter58_inbox.TestTenantIsolation" name="test_hospitality_does_not_see_trades_items" time="0.529" /></testsuite></testsuites>