<?xml version="1.0" encoding="utf-8"?><testsuites name="pytest tests"><testsuite name="pytest" errors="0" failures="1" skipped="0" tests="16" time="5.091" timestamp="2026-04-30T03:23:56.204459+00:00" hostname="agent-env-1dd6c271-290a-493d-a066-69eaff8cbe4e"><testcase classname="backend.tests.test_foundation_onboarding.TestAuthMe" name="test_me_has_onboarding_complete_field" time="0.707" /><testcase classname="backend.tests.test_foundation_onboarding.TestBusinessProfile" name="test_get_business_empty" time="0.188" /><testcase classname="backend.tests.test_foundation_onboarding.TestBusinessProfile" name="test_put_business_and_persist" time="0.345" /><testcase classname="backend.tests.test_foundation_onboarding.TestTeam" name="test_list_team_empty" time="0.163" /><testcase classname="backend.tests.test_foundation_onboarding.TestTeam" name="test_invite_and_persist" time="0.143"><failure message="AssertionError: assert 'test_invite_...fetradie.demo' == 'TEST_invite_...fetradie.demo'&#10;  &#10;  - TEST_invite_66c36d@safetradie.demo&#10;  ? ^^^^&#10;  + test_invite_66c36d@safetradie.demo&#10;  ? ^^^^">backend/tests/test_foundation_onboarding.py:91: in test_invite_and_persist
    assert d["email"] == invite_email
E   AssertionError: assert 'test_invite_...fetradie.demo' == 'TEST_invite_...fetradie.demo'
E     
E     - TEST_invite_66c36d@safetradie.demo
E     ? ^^^^
E     + test_invite_66c36d@safetradie.demo
E     ? ^^^^</failure></testcase><testcase classname="backend.tests.test_foundation_onboarding.TestNotifPrefs" name="test_get_defaults" time="0.145" /><testcase classname="backend.tests.test_foundation_onboarding.TestNotifPrefs" name="test_put_and_persist" time="0.331" /><testcase classname="backend.tests.test_foundation_onboarding.TestNotifications" name="test_empty_list_for_new_user" time="0.516" /><testcase classname="backend.tests.test_foundation_onboarding.TestNotifications" name="test_synth_from_licence_expiry" time="0.430" /><testcase classname="backend.tests.test_foundation_onboarding.TestNotifications" name="test_mark_all_read" time="0.138" /><testcase classname="backend.tests.test_foundation_onboarding.TestOnboarding" name="test_get_default" time="0.144" /><testcase classname="backend.tests.test_foundation_onboarding.TestOnboarding" name="test_update_step" time="0.287" /><testcase classname="backend.tests.test_foundation_onboarding.TestOnboarding" name="test_complete_updates_user" time="0.270" /><testcase classname="backend.tests.test_foundation_onboarding.TestIsolation" name="test_team_isolation" time="0.272" /><testcase classname="backend.tests.test_foundation_onboarding.TestIsolation" name="test_business_isolation" time="0.128" /><testcase classname="backend.tests.test_foundation_onboarding.TestIsolation" name="test_auth_required" time="0.685" /></testsuite></testsuites>