<?xml version="1.0" encoding="utf-8"?><testsuites name="pytest tests"><testsuite name="pytest" errors="0" failures="0" skipped="0" tests="10" time="3.751" timestamp="2026-05-27T22:05:09.563168+00:00" hostname="agent-env-1dd6c271-290a-493d-a066-69eaff8cbe4e"><testcase classname="backend.tests.test_iter55_idempotency_guidance.TestLoneWorkerIdempotency" name="test_same_client_event_id_returns_same_checkin" time="0.714" /><testcase classname="backend.tests.test_iter55_idempotency_guidance.TestLoneWorkerIdempotency" name="test_no_client_event_id_creates_distinct_records" time="0.264" /><testcase classname="backend.tests.test_iter55_idempotency_guidance.TestIncidentIdempotency" name="test_same_client_event_id_returns_same_incident" time="0.662" /><testcase classname="backend.tests.test_iter55_idempotency_guidance.TestIncidentIdempotency" name="test_persisted_incident_does_not_contain_client_event_id" time="0.327" /><testcase classname="backend.tests.test_iter55_idempotency_guidance.TestIncidentIdempotency" name="test_no_client_event_id_creates_distinct_incidents" time="0.228" /><testcase classname="backend.tests.test_iter55_idempotency_guidance.TestIdempotencyTenantIsolation" name="test_same_client_event_id_across_tenants_yields_separate_records" time="0.573" /><testcase classname="backend.tests.test_iter55_idempotency_guidance.TestLibraryControlGuidance" name="test_create_control_with_guidance_persists" time="0.230" /><testcase classname="backend.tests.test_iter55_idempotency_guidance.TestLibraryControlGuidance" name="test_create_control_without_guidance_defaults_to_empty" time="0.127" /><testcase classname="backend.tests.test_iter55_idempotency_guidance.TestLibraryControlGuidance" name="test_patch_control_updates_guidance" time="0.327" /><testcase classname="backend.tests.test_iter55_idempotency_guidance.TestRiskInlineControlGuidance" name="test_risk_with_inline_control_guidance_persists" time="0.219" /></testsuite></testsuites>