<?xml version="1.0" encoding="utf-8"?><testsuites name="pytest tests"><testsuite name="pytest" errors="0" failures="1" skipped="0" tests="43" time="13.054" timestamp="2026-05-01T00:15:52.882764+00:00" hostname="agent-env-1dd6c271-290a-493d-a066-69eaff8cbe4e"><testcase classname="backend.tests.test_iter21_doc_library" name="test_docs_types_returns_8_types_and_categories" time="0.567" /><testcase classname="backend.tests.test_iter21_doc_library" name="test_auth_required[/api/docs/jsa-POST]" time="0.122" /><testcase classname="backend.tests.test_iter21_doc_library" name="test_auth_required[/api/docs-GET]" time="0.131" /><testcase classname="backend.tests.test_iter21_doc_library" name="test_auth_required[/api/docs/doc_anything-GET]" time="0.120" /><testcase classname="backend.tests.test_iter21_doc_library" name="test_auth_required[/api/docs/doc_anything-PATCH]" time="0.119" /><testcase classname="backend.tests.test_iter21_doc_library" name="test_auth_required[/api/docs/doc_anything-DELETE]" time="0.112" /><testcase classname="backend.tests.test_iter21_doc_library" name="test_auth_required[/api/docs/doc_anything/pdf-GET]" time="0.125" /><testcase classname="backend.tests.test_iter21_doc_library" name="test_unknown_doc_type_returns_404" time="0.185" /><testcase classname="backend.tests.test_iter21_doc_library" name="test_list_filters_by_doc_type[jsa]" time="2.300" /><testcase classname="backend.tests.test_iter21_doc_library" name="test_list_filters_by_doc_type[risk_assessment]" time="0.130" /><testcase classname="backend.tests.test_iter21_doc_library" name="test_list_filters_by_doc_type[sssp]" time="0.098" /><testcase classname="backend.tests.test_iter21_doc_library" name="test_list_filters_by_doc_type[emergency_plan]" time="0.119" /><testcase classname="backend.tests.test_iter21_doc_library" name="test_list_filters_by_doc_type[hazardous_chemicals]" time="0.145" /><testcase classname="backend.tests.test_iter21_doc_library" name="test_list_filters_by_doc_type[site_induction]" time="0.232" /><testcase classname="backend.tests.test_iter21_doc_library" name="test_list_filters_by_doc_type[confined_space_permit]" time="0.116" /><testcase classname="backend.tests.test_iter21_doc_library" name="test_list_filters_by_doc_type[toolbox_talk_record]" time="0.128" /><testcase classname="backend.tests.test_iter21_doc_library" name="test_get_single_doc[jsa]" time="0.110" /><testcase classname="backend.tests.test_iter21_doc_library" name="test_get_single_doc[risk_assessment]" time="0.112" /><testcase classname="backend.tests.test_iter21_doc_library" name="test_get_single_doc[sssp]" time="0.139" /><testcase classname="backend.tests.test_iter21_doc_library" name="test_get_single_doc[emergency_plan]" time="0.153" /><testcase classname="backend.tests.test_iter21_doc_library" name="test_get_single_doc[hazardous_chemicals]" time="0.124" /><testcase classname="backend.tests.test_iter21_doc_library" name="test_get_single_doc[site_induction]" time="0.115" /><testcase classname="backend.tests.test_iter21_doc_library" name="test_get_single_doc[confined_space_permit]" time="0.136" /><testcase classname="backend.tests.test_iter21_doc_library" name="test_get_single_doc[toolbox_talk_record]" time="0.116" /><testcase classname="backend.tests.test_iter21_doc_library" name="test_patch_updates_status_and_persists[jsa]" time="0.251" /><testcase classname="backend.tests.test_iter21_doc_library" name="test_patch_updates_status_and_persists[risk_assessment]" time="0.251" /><testcase classname="backend.tests.test_iter21_doc_library" name="test_patch_updates_status_and_persists[sssp]" time="0.269" /><testcase classname="backend.tests.test_iter21_doc_library" name="test_patch_updates_status_and_persists[emergency_plan]" time="0.297" /><testcase classname="backend.tests.test_iter21_doc_library" name="test_patch_updates_status_and_persists[hazardous_chemicals]" time="0.270" /><testcase classname="backend.tests.test_iter21_doc_library" name="test_patch_updates_status_and_persists[site_induction]" time="0.265" /><testcase classname="backend.tests.test_iter21_doc_library" name="test_patch_updates_status_and_persists[confined_space_permit]" time="0.277" /><testcase classname="backend.tests.test_iter21_doc_library" name="test_patch_updates_status_and_persists[toolbox_talk_record]" time="0.224" /><testcase classname="backend.tests.test_iter21_doc_library" name="test_pdf_returns_application_pdf[jsa]" time="0.655" /><testcase classname="backend.tests.test_iter21_doc_library" name="test_pdf_returns_application_pdf[risk_assessment]" time="0.179" /><testcase classname="backend.tests.test_iter21_doc_library" name="test_pdf_returns_application_pdf[sssp]" time="0.186" /><testcase classname="backend.tests.test_iter21_doc_library" name="test_pdf_returns_application_pdf[emergency_plan]" time="0.188" /><testcase classname="backend.tests.test_iter21_doc_library" name="test_pdf_returns_application_pdf[hazardous_chemicals]" time="0.188" /><testcase classname="backend.tests.test_iter21_doc_library" name="test_pdf_returns_application_pdf[site_induction]" time="0.182" /><testcase classname="backend.tests.test_iter21_doc_library" name="test_pdf_returns_application_pdf[confined_space_permit]" time="0.201" /><testcase classname="backend.tests.test_iter21_doc_library" name="test_pdf_returns_application_pdf[toolbox_talk_record]" time="0.162" /><testcase classname="backend.tests.test_iter21_doc_library" name="test_delete_archives_then_removes" time="0.625" /><testcase classname="backend.tests.test_iter21_doc_library" name="test_swms_regression_list" time="0.121" /><testcase classname="backend.tests.test_iter21_doc_library" name="test_swms_regression_create" time="2.374"><failure message="assert 422 == 200&#10; +  where 422 = &lt;Response [422]&gt;.status_code">backend/tests/test_iter21_doc_library.py:196: in test_swms_regression_create
    assert r.status_code == 200
E   assert 422 == 200
E    +  where 422 = &lt;Response [422]&gt;.status_code</failure></testcase></testsuite></testsuites>