<?xml version="1.0" encoding="utf-8"?><testsuites name="pytest tests"><testsuite name="pytest" errors="0" failures="0" skipped="0" tests="9" time="15.261" timestamp="2026-04-30T11:26:43.209670+00:00" hostname="agent-env-1dd6c271-290a-493d-a066-69eaff8cbe4e"><testcase classname="tests.test_iter16_risk_from_incident" name="test_suggest_risk_draft_404" time="0.536" /><testcase classname="tests.test_iter16_risk_from_incident" name="test_accept_risk_draft_404" time="0.050" /><testcase classname="tests.test_iter16_risk_from_incident" name="test_suggest_risk_draft_shape" time="13.533" /><testcase classname="tests.test_iter16_risk_from_incident" name="test_accept_risk_draft_creates_risk" time="0.054" /><testcase classname="tests.test_iter16_risk_from_incident" name="test_incident_has_linked_risk_id" time="0.046" /><testcase classname="tests.test_iter16_risk_from_incident" name="test_risks_list_contains_new" time="0.046" /><testcase classname="tests.test_iter16_risk_from_incident" name="test_notification_risk_from_incident" time="0.548" /><testcase classname="tests.test_iter16_risk_from_incident" name="test_accept_risk_draft_with_minimal_body" time="0.288" /><testcase classname="tests.test_iter16_risk_from_incident" name="test_cleanup" time="0.082" /></testsuite></testsuites>