<?xml version="1.0" encoding="utf-8"?><testsuites name="pytest tests"><testsuite name="pytest" errors="0" failures="0" skipped="0" tests="21" time="4.850" timestamp="2026-05-01T14:15:37.817565+00:00" hostname="agent-env-1dd6c271-290a-493d-a066-69eaff8cbe4e"><testcase classname="backend.tests.test_iter36_compliance_inbox.TestComplianceInbox" name="test_summary_shape" time="0.529" /><testcase classname="backend.tests.test_iter36_compliance_inbox.TestComplianceInbox" name="test_inbox_full_list_sorted" time="0.134" /><testcase classname="backend.tests.test_iter36_compliance_inbox.TestComplianceInbox" name="test_filter_severity_critical" time="0.113" /><testcase classname="backend.tests.test_iter36_compliance_inbox.TestComplianceInbox" name="test_filter_industry_transport" time="0.152" /><testcase classname="backend.tests.test_iter36_compliance_inbox.TestComplianceInbox" name="test_unauth_blocked" time="0.130" /><testcase classname="backend.tests.test_iter36_compliance_inbox.TestNHVRCriticalOccurrence" name="test_create_past_due_nhvr_makes_critical_inbox_item" time="0.732" /><testcase classname="backend.tests.test_iter36_compliance_inbox.TestIoTTemperatureWebhook" name="test_iot_breach_creates_log" time="0.634" /><testcase classname="backend.tests.test_iter36_compliance_inbox.TestIoTTemperatureWebhook" name="test_iot_missing_token_401" time="0.111" /><testcase classname="backend.tests.test_iter36_compliance_inbox.TestEWDFatigueWebhook" name="test_ewd_breach" time="0.142" /><testcase classname="backend.tests.test_iter36_compliance_inbox.TestAHPRAIntegrations" name="test_poll_owner_only_and_stamps" time="0.117" /><testcase classname="backend.tests.test_iter36_compliance_inbox.TestAHPRAIntegrations" name="test_webhook_updates_existing" time="0.536" /><testcase classname="backend.tests.test_iter36_compliance_inbox.TestContentExpansion" name="test_academy_hospitality_has_peal" time="0.113" /><testcase classname="backend.tests.test_iter36_compliance_inbox.TestContentExpansion" name="test_ai_doc_types_industry_extras" time="0.364" /><testcase classname="backend.tests.test_iter36_compliance_inbox.TestTradesRegression" name="test_features_me" time="0.143" /><testcase classname="backend.tests.test_iter36_compliance_inbox.TestTradesRegression" name="test_swms_library" time="0.137" /><testcase classname="backend.tests.test_iter36_compliance_inbox.TestTradesRegression" name="test_incidents_list" time="0.131" /><testcase classname="backend.tests.test_iter36_compliance_inbox.TestTradesRegression" name="test_workers_list" time="0.106" /><testcase classname="backend.tests.test_iter36_compliance_inbox.TestTradesRegression" name="test_trades_blocked_on_hospitality" time="0.109" /><testcase classname="backend.tests.test_iter36_compliance_inbox.TestTradesRegression" name="test_trades_blocked_on_transport" time="0.103" /><testcase classname="backend.tests.test_iter36_compliance_inbox.TestTradesRegression" name="test_trades_blocked_on_healthcare" time="0.108" /><testcase classname="backend.tests.test_iter36_compliance_inbox.TestTradesRegression" name="test_trades_blocked_on_retail" time="0.123" /></testsuite></testsuites>