<?xml version="1.0" encoding="utf-8"?><testsuites name="pytest tests"><testsuite name="pytest" errors="0" failures="0" skipped="0" tests="12" time="3.134" timestamp="2026-05-01T00:56:08.614201+00:00" hostname="agent-env-1dd6c271-290a-493d-a066-69eaff8cbe4e"><testcase classname="backend.tests.test_iter24_refactor_and_new_endpoints.TestAuthRoutesExtraction" name="test_login_owner" time="0.380" /><testcase classname="backend.tests.test_iter24_refactor_and_new_endpoints.TestAuthRoutesExtraction" name="test_register_new_user_returns_token" time="0.275" /><testcase classname="backend.tests.test_iter24_refactor_and_new_endpoints.TestAuthRoutesExtraction" name="test_me_with_token" time="0.323" /><testcase classname="backend.tests.test_iter24_refactor_and_new_endpoints.TestAuthRoutesExtraction" name="test_logout_returns_success" time="0.047" /><testcase classname="backend.tests.test_iter24_refactor_and_new_endpoints.TestDocsTypesRegression" name="test_types_count_31_six_categories" time="0.064" /><testcase classname="backend.tests.test_iter24_refactor_and_new_endpoints.TestRegressionCRUDPDF" name="test_create_get_pdf[jsa-payload0]" time="0.757" /><testcase classname="backend.tests.test_iter24_refactor_and_new_endpoints.TestRegressionCRUDPDF" name="test_create_get_pdf[whs_mgmt_plan-payload1]" time="0.290" /><testcase classname="backend.tests.test_iter24_refactor_and_new_endpoints.TestRegressionCRUDPDF" name="test_create_get_pdf[welding_procedure-payload2]" time="0.299" /><testcase classname="backend.tests.test_iter24_refactor_and_new_endpoints.TestDocsStats" name="test_stats_requires_auth" time="0.129" /><testcase classname="backend.tests.test_iter24_refactor_and_new_endpoints.TestDocsStats" name="test_stats_shape_and_recent" time="0.051" /><testcase classname="backend.tests.test_iter24_refactor_and_new_endpoints.TestPatchVersionAndAllowlist" name="test_version_bumps_and_allowlist" time="0.266" /><testcase classname="backend.tests.test_iter24_refactor_and_new_endpoints.TestPatchVersionAndAllowlist" name="test_post_filters_unknown_keys" time="0.154" /></testsuite></testsuites>