<?xml version="1.0" encoding="utf-8"?><testsuites name="pytest tests"><testsuite name="pytest" errors="0" failures="0" skipped="0" tests="25" time="5.179" timestamp="2026-04-30T05:36:12.497060+00:00" hostname="agent-env-1dd6c271-290a-493d-a066-69eaff8cbe4e"><testcase classname="backend.tests.test_reports_workflows.TestReports" name="test_list_reports_returns_10" time="0.557" /><testcase classname="backend.tests.test_reports_workflows.TestReports" name="test_report_detail_ok[compliance_score]" time="0.053" /><testcase classname="backend.tests.test_reports_workflows.TestReports" name="test_report_detail_ok[incidents_trend]" time="0.049" /><testcase classname="backend.tests.test_reports_workflows.TestReports" name="test_report_detail_ok[licence_expiry]" time="0.049" /><testcase classname="backend.tests.test_reports_workflows.TestReports" name="test_report_detail_ok[training_matrix]" time="0.052" /><testcase classname="backend.tests.test_reports_workflows.TestReports" name="test_report_detail_ok[swms_register]" time="0.055" /><testcase classname="backend.tests.test_reports_workflows.TestReports" name="test_report_detail_ok[toolbox_talks_log]" time="0.049" /><testcase classname="backend.tests.test_reports_workflows.TestReports" name="test_report_detail_ok[risk_register_export]" time="0.085" /><testcase classname="backend.tests.test_reports_workflows.TestReports" name="test_report_detail_ok[inspections_summary]" time="0.052" /><testcase classname="backend.tests.test_reports_workflows.TestReports" name="test_report_detail_ok[plant_register]" time="0.055" /><testcase classname="backend.tests.test_reports_workflows.TestReports" name="test_report_detail_ok[worker_roster]" time="0.048" /><testcase classname="backend.tests.test_reports_workflows.TestReports" name="test_report_bogus_returns_404" time="0.048" /><testcase classname="backend.tests.test_reports_workflows.TestWorkflowsCatalog" name="test_catalog_has_5_types" time="0.047" /><testcase classname="backend.tests.test_reports_workflows.TestWorkflowsCatalog" name="test_summary_has_all_5" time="0.053" /><testcase classname="backend.tests.test_reports_workflows.TestWorkflowsCatalog" name="test_bogus_workflow_404" time="0.047" /><testcase classname="backend.tests.test_reports_workflows.TestWorkflowCRUD" name="test_full_lifecycle[new_employee]" time="0.678" /><testcase classname="backend.tests.test_reports_workflows.TestWorkflowCRUD" name="test_full_lifecycle[incident_resolution]" time="0.705" /><testcase classname="backend.tests.test_reports_workflows.TestWorkflowCRUD" name="test_full_lifecycle[swms_job_start]" time="0.621" /><testcase classname="backend.tests.test_reports_workflows.TestWorkflowCRUD" name="test_full_lifecycle[annual_review]" time="0.728" /><testcase classname="backend.tests.test_reports_workflows.TestWorkflowCRUD" name="test_full_lifecycle[subcontractor]" time="0.676" /><testcase classname="backend.tests.test_reports_workflows.TestRegression" name="test_safety_summary_ok" time="0.061" /><testcase classname="backend.tests.test_reports_workflows.TestRegression" name="test_safety_risks_list_ok" time="0.047" /><testcase classname="backend.tests.test_reports_workflows.TestRegression" name="test_risk_create_enrich" time="0.105" /><testcase classname="backend.tests.test_reports_workflows.TestRegression" name="test_onboarding_get_ok" time="0.046" /><testcase classname="backend.tests.test_reports_workflows.TestRegression" name="test_notifications_get_ok" time="0.048" /></testsuite></testsuites>