<?xml version="1.0" encoding="utf-8"?><testsuites name="pytest tests"><testsuite name="pytest" errors="0" failures="0" skipped="1" tests="80" time="161.713" timestamp="2026-05-01T12:21:14.206117+00:00" hostname="agent-env-1dd6c271-290a-493d-a066-69eaff8cbe4e"><testcase classname="backend.tests.test_iter28_routes_split.TestBillingRefactor" name="test_tiers_public" time="0.168" /><testcase classname="backend.tests.test_iter28_routes_split.TestBillingRefactor" name="test_my_subscription" time="0.433" /><testcase classname="backend.tests.test_iter28_routes_split.TestBillingRefactor" name="test_enterprise_demo_request_public" time="0.123" /><testcase classname="backend.tests.test_iter28_routes_split.TestAutomationsRefactor" name="test_recipes_public_for_user" time="0.106" /><testcase classname="backend.tests.test_iter28_routes_split.TestAutomationsRefactor" name="test_list_my_automations" time="0.105" /><testcase classname="backend.tests.test_iter28_routes_split.TestAutomationsRefactor" name="test_crud_lifecycle" time="0.463" /><testcase classname="backend.tests.test_iter28_routes_split.TestAutomationsRefactor" name="test_analytics_summary" time="0.150" /><testcase classname="backend.tests.test_iter28_routes_split.TestAutomationsRefactor" name="test_unknown_action_rejected" time="0.109" /><testcase classname="backend.tests.test_iter28_routes_split.TestAutomationsRefactor" name="test_unknown_event_rejected" time="1.129" /><testcase classname="backend.tests.test_iter28_routes_split.TestWebhookAutomationFanOut" name="test_worker_create_still_works" time="0.103" /><testcase classname="backend.tests.test_iter28_routes_split.TestIndustryPatch" name="test_round_trip" time="0.457" /><testcase classname="backend.tests.test_iter28_routes_split.TestIndustryPatch" name="test_invalid_rejected" time="0.101" /><testcase classname="backend.tests.test_iter29_role_variants.TestRoleRegistrationRoundTrip" name="test_register_with_role_persists" time="0.424" /><testcase classname="backend.tests.test_iter29_role_variants.TestRoleRegistrationRoundTrip" name="test_register_defaults" time="0.326" /><testcase classname="backend.tests.test_iter29_role_variants.TestRolePatch" name="test_patch_round_trip" time="1.331" /><testcase classname="backend.tests.test_iter29_role_variants.TestRolePatch" name="test_patch_invalid_variant" time="0.112" /><testcase classname="backend.tests.test_iter29_role_variants.TestRolePatch" name="test_patch_missing_fields" time="0.099" /><testcase classname="backend.tests.test_iter30_resources_pricing_compliance.TestIndustryPricingTiers" name="test_all_industry_slugs_present" time="0.106" /><testcase classname="backend.tests.test_iter30_resources_pricing_compliance.TestIndustryPricingTiers" name="test_healthcare_pricing_premium" time="0.102" /><testcase classname="backend.tests.test_iter30_resources_pricing_compliance.TestResourcesEndpoints" name="test_articles_listing" time="0.326" /><testcase classname="backend.tests.test_iter30_resources_pricing_compliance.TestResourcesEndpoints" name="test_articles_all_industries" time="0.102" /><testcase classname="backend.tests.test_iter30_resources_pricing_compliance.TestResourcesEndpoints" name="test_templates" time="0.120" /><testcase classname="backend.tests.test_iter30_resources_pricing_compliance.TestResourcesEndpoints" name="test_regulators" time="0.101" /><testcase classname="backend.tests.test_iter30_resources_pricing_compliance.TestResourcesEndpoints" name="test_regulators_invalid" time="0.102" /><testcase classname="backend.tests.test_iter30_resources_pricing_compliance.TestResourcesEndpoints" name="test_ai_ask_short_question_rejected" time="0.107" /><testcase classname="backend.tests.test_iter30_resources_pricing_compliance.TestResourcesEndpoints" name="test_ai_ask_returns_industry_aware_answer" time="13.490" /><testcase classname="backend.tests.test_iter30_resources_pricing_compliance.TestComplianceIndustryAware" name="test_score_carries_industry_metadata" time="0.617" /><testcase classname="backend.tests.test_iter30_resources_pricing_compliance.TestComplianceIndustryAware" name="test_score_changes_with_industry" time="0.342" /><testcase classname="backend.tests.test_iter30_resources_pricing_compliance.TestDocTypesIndustryFilter" name="test_hospitality_types_via_query" time="0.110" /><testcase classname="backend.tests.test_iter30_resources_pricing_compliance.TestDocTypesIndustryFilter" name="test_transport_types_via_query" time="0.130" /><testcase classname="backend.tests.test_iter32_permission_gate.TestFeatureFlags" name="test_features_me_endpoint_shape" time="0.564" /><testcase classname="backend.tests.test_iter32_permission_gate.TestFeatureFlags" name="test_features_change_with_industry_switch" time="0.910" /><testcase classname="backend.tests.test_iter32_permission_gate.TestHardBlock403" name="test_swms_blocked_for_healthcare" time="0.697" /><testcase classname="backend.tests.test_iter32_permission_gate.TestHardBlock403" name="test_industry_gated_doc_blocked" time="0.710" /><testcase classname="backend.tests.test_iter32_permission_gate.TestHardBlock403" name="test_swms_allowed_for_trades" time="0.548" /><testcase classname="backend.tests.test_iter32_permission_gate.TestHardBlock403" name="test_hospitality_can_create_haccp" time="0.943" /><testcase classname="backend.tests.test_iter32_permission_gate.TestEnabledFeaturesInAuthMe" name="test_auth_me_includes_features" time="0.550" /><testcase classname="backend.tests.test_iter32_extras.TestAuthPayloadFeatures" name="test_login_includes_enabled_features" time="0.325" /><testcase classname="backend.tests.test_iter32_extras.TestAuthPayloadFeatures" name="test_auth_me_includes_industries_fields" time="0.581" /><testcase classname="backend.tests.test_iter32_extras.TestIndustrySwitcher" name="test_patch_industry_returns_payload_and_appends" time="0.854" /><testcase classname="backend.tests.test_iter32_extras.TestIndustrySwitcher" name="test_get_industries_endpoint_shape" time="0.548" /><testcase classname="backend.tests.test_iter32_extras.TestIndustrySwitcher" name="test_put_industries_updates_roster" time="0.688" /><testcase classname="backend.tests.test_iter32_extras.TestSwmsTradesRegression" name="test_post_swms_trades" time="0.542" /><testcase classname="backend.tests.test_iter32_extras.TestSafeInductIndustry" name="test_default_questions_per_industry" time="1.575" /><testcase classname="backend.tests.test_iter32_extras.TestSafeInductIndustry" name="test_program_create_applies_industry_defaults" time="0.523" /><testcase classname="backend.tests.test_iter32_extras.TestSafeCheckCredentials" name="test_required_credentials_trades" time="0.537" /><testcase classname="backend.tests.test_iter32_extras.TestSafeCheckCredentials" name="test_required_credentials_hospitality" time="0.644" /><testcase classname="backend.tests.test_iter32_extras.TestSafeCheckCredentials" name="test_validate_listing_returns_coverage" time="0.998" /><testcase classname="backend.tests.test_iter33_multi_industry_batch.TestActivityTicker" name="test_endpoint_shape" time="0.105" /><testcase classname="backend.tests.test_iter33_multi_industry_batch.TestAuditLog" name="test_owner_can_read" time="0.439" /><testcase classname="backend.tests.test_iter33_multi_industry_batch.TestAIDocs" name="test_industry_filter" time="0.895" /><testcase classname="backend.tests.test_iter33_multi_industry_batch.TestAIDocs" name="test_cross_industry_blocked" time="0.651" /><testcase classname="backend.tests.test_iter33_multi_industry_batch.TestAddonsMarketplace" name="test_available_filters_by_industry" time="0.908" /><testcase classname="backend.tests.test_iter33_multi_industry_batch.TestAddonsMarketplace" name="test_activate_deactivate_flow" time="0.762" /><testcase classname="backend.tests.test_iter33_multi_industry_batch.TestAddonsMarketplace" name="test_cross_industry_addon_blocked" time="0.562" /><testcase classname="backend.tests.test_iter33_multi_industry_batch.TestAcademy" name="test_catalogue_per_industry" time="1.987" /><testcase classname="backend.tests.test_iter33_multi_industry_batch.TestAcademy" name="test_completion_marks_record" time="0.688" /><testcase classname="backend.tests.test_iter33_multi_industry_batch.TestDataIsolation" name="test_workers_get_still_works" time="0.427" /><testcase classname="backend.tests.test_iter33_multi_industry_batch.TestDataIsolation" name="test_incidents_get_still_works" time="0.430" /><testcase classname="backend.tests.test_iter33_extras.TestAIDocsIndustryCoverage" name="test_trades_returns_empty" time="36.330" /><testcase classname="backend.tests.test_iter33_extras.TestAIDocsIndustryCoverage" name="test_transport_has_cor_management_plan" time="0.676" /><testcase classname="backend.tests.test_iter33_extras.TestAIDocsIndustryCoverage" name="test_healthcare_has_manual_handling_ra" time="0.636" /><testcase classname="backend.tests.test_iter33_extras.TestAIDocsIndustryCoverage" name="test_retail_has_working_alone_ra" time="2.685" /><testcase classname="backend.tests.test_iter33_extras.TestAddonsIndustryFilter" name="test_transport_has_ewd_integration" time="0.641" /><testcase classname="backend.tests.test_iter33_extras.TestAddonsIndustryFilter" name="test_healthcare_has_ahpra_monitoring" time="0.680" /><testcase classname="backend.tests.test_iter33_extras.TestAddonsIndustryFilter" name="test_retail_has_franchise_network" time="68.973" /><testcase classname="backend.tests.test_iter33_extras.TestAcademyArrays" name="test_microlearning_and_full_courses_arrays_exist" time="1.785" /><testcase classname="backend.tests.test_iter33_extras.TestStamping" name="test_create_worker_stamps_account_id" time="0.764" /><testcase classname="backend.tests.test_iter33_extras.TestStamping" name="test_create_incident_stamps_account_id" time="0.641" /><testcase classname="backend.tests.test_iter33_extras.TestAuditLogMutations" name="test_addon_activation_appears_in_audit" time="0.800" /><testcase classname="backend.tests.test_iter33_extras.TestNonOwnerAddonForbidden" name="test_worker_cannot_activate_addon" time="0.103"><skipped type="pytest.skip" message="worker login failed (401); cannot test">/app/backend/tests/test_iter33_extras.py:212: worker login failed (401); cannot test</skipped></testcase><testcase classname="backend.tests.test_iter33_extras.TestActivityCountersExtra" name="test_counters_all_present" time="0.108" /><testcase classname="backend.tests.test_iter34_expansion.TestExpandedAIDocs" name="test_eight_docs_per_industry" time="1.313" /><testcase classname="backend.tests.test_iter34_expansion.TestExpandedAIDocs" name="test_each_doc_has_inputs" time="0.638" /><testcase classname="backend.tests.test_iter34_expansion.TestAcademyQuiz" name="test_quiz_endpoint_strips_answers" time="0.434" /><testcase classname="backend.tests.test_iter34_expansion.TestAcademyQuiz" name="test_quiz_submit_correct_passes" time="0.436" /><testcase classname="backend.tests.test_iter34_expansion.TestAcademyQuiz" name="test_quiz_submit_partial_fails" time="0.440" /><testcase classname="backend.tests.test_iter34_expansion.TestAcademyQuiz" name="test_quiz_wrong_answer_count" time="0.445" /><testcase classname="backend.tests.test_iter34_expansion.TestCertPDF" name="test_pdf_download" time="0.552" /><testcase classname="backend.tests.test_iter34_expansion.TestCertPDF" name="test_pdf_not_found" time="0.425" /></testsuite></testsuites>