<?xml version="1.0" encoding="utf-8"?><testsuites name="pytest tests"><testsuite name="pytest" errors="0" failures="0" skipped="0" tests="18" time="3.325" timestamp="2026-04-30T12:36:37.547134+00:00" hostname="agent-env-1dd6c271-290a-493d-a066-69eaff8cbe4e"><testcase classname="backend.tests.test_iter18_competency.TestConduct" name="test_conduct_404_unknown" time="0.465" /><testcase classname="backend.tests.test_iter18_competency.TestConduct" name="test_conduct_400_empty_attendees" time="0.707" /><testcase classname="backend.tests.test_iter18_competency.TestConduct" name="test_conduct_400_missing_attendees" time="0.117" /><testcase classname="backend.tests.test_iter18_competency.TestConduct" name="test_conduct_success_stamps_workers" time="0.116" /><testcase classname="backend.tests.test_iter18_competency.TestConduct" name="test_conduct_idempotent_upsert" time="0.105" /><testcase classname="backend.tests.test_iter18_competency.TestConduct" name="test_conduct_validity_days_override" time="0.116" /><testcase classname="backend.tests.test_iter18_competency.TestMatrix" name="test_list_competencies" time="0.105" /><testcase classname="backend.tests.test_iter18_competency.TestMatrix" name="test_matrix_shape" time="0.116" /><testcase classname="backend.tests.test_iter18_competency.TestUnbriefed" name="test_unbriefed_excludes_current" time="0.109" /><testcase classname="backend.tests.test_iter18_competency.TestUnbriefed" name="test_unbriefed_for_unknown_topic" time="0.104" /><testcase classname="backend.tests.test_iter18_competency.TestUnbriefed" name="test_unbriefed_partial_for_heights" time="0.103" /><testcase classname="backend.tests.test_iter18_competency.TestDashboard" name="test_dashboard_shape" time="0.106" /><testcase classname="backend.tests.test_iter18_competency.TestAuditLog" name="test_audit_log_appended_on_conduct" time="0.345" /><testcase classname="backend.tests.test_iter18_competency.TestHazardMapping" name="test_mapping[Electrical Safety-Electrical]" time="0.125" /><testcase classname="backend.tests.test_iter18_competency.TestHazardMapping" name="test_mapping[Working at Heights-Height / Fall]" time="0.107" /><testcase classname="backend.tests.test_iter18_competency.TestHazardMapping" name="test_mapping[Confined Spaces-Confined Space]" time="0.106" /><testcase classname="backend.tests.test_iter18_competency.TestHazardMapping" name="test_mapping[Hazardous Substances-Chemical / Hazardous Substance]" time="0.106" /><testcase classname="backend.tests.test_iter18_competency.TestHazardMapping" name="test_mapping[Random Unknown Topic XYZ-Other]" time="0.108" /></testsuite></testsuites>