<?xml version="1.0" encoding="utf-8"?><testsuites name="pytest tests"><testsuite name="pytest" errors="0" failures="1" skipped="0" tests="17" time="26.561" timestamp="2026-04-30T05:55:44.073514+00:00" hostname="agent-env-1dd6c271-290a-493d-a066-69eaff8cbe4e"><testcase classname="backend.tests.test_batch_d_ecosystem.TestReportInsights" name="test_compliance_score_insights" time="12.822" /><testcase classname="backend.tests.test_batch_d_ecosystem.TestReportInsights" name="test_compliance_score_insights_cached" time="0.064" /><testcase classname="backend.tests.test_batch_d_ecosystem.TestReportInsights" name="test_incidents_trend_insights" time="11.408" /><testcase classname="backend.tests.test_batch_d_ecosystem.TestReportInsights" name="test_unknown_report_type_returns_404" time="0.052" /><testcase classname="backend.tests.test_batch_d_ecosystem.TestTradeInduct" name="test_create_list_public_submit_delete" time="0.693" /><testcase classname="backend.tests.test_batch_d_ecosystem.TestTradeCheck" name="test_upsert_my_verify_public" time="0.352" /><testcase classname="backend.tests.test_batch_d_ecosystem.TestTradeCheck" name="test_public_no_auth_required" time="0.060" /><testcase classname="backend.tests.test_batch_d_ecosystem.TestAcademy" name="test_courses_list" time="0.051" /><testcase classname="backend.tests.test_batch_d_ecosystem.TestAcademy" name="test_enrol_and_progress" time="0.208" /><testcase classname="backend.tests.test_batch_d_ecosystem.TestAcademy" name="test_enrol_unknown_course" time="0.048" /><testcase classname="backend.tests.test_batch_d_ecosystem.TestPartner" name="test_clients_crud_and_summary" time="0.269" /><testcase classname="backend.tests.test_batch_d_ecosystem.TestWorker" name="test_my_summary_and_checkins" time="0.161" /><testcase classname="backend.tests.test_batch_d_ecosystem.TestWorker" name="test_requires_auth" time="0.091" /><testcase classname="backend.tests.test_batch_d_ecosystem.TestRegression" name="test_reports_catalog" time="0.050" /><testcase classname="backend.tests.test_batch_d_ecosystem.TestRegression" name="test_workflows_catalog" time="0.048" /><testcase classname="backend.tests.test_batch_d_ecosystem.TestRegression" name="test_safety_swms" time="0.048"><failure message="assert 404 == 200&#10; +  where 404 = &lt;Response [404]&gt;.status_code">backend/tests/test_batch_d_ecosystem.py:327: in test_safety_swms
    assert r.status_code == 200
E   assert 404 == 200
E    +  where 404 = &lt;Response [404]&gt;.status_code</failure></testcase><testcase classname="backend.tests.test_batch_d_ecosystem.TestRegression" name="test_compliance_score" time="0.052" /></testsuite></testsuites>