<?xml version="1.0" encoding="utf-8"?><testsuites name="pytest tests"><testsuite name="pytest" errors="0" failures="0" skipped="0" tests="27" time="3.948" timestamp="2026-05-02T00:47:55.101246+00:00" hostname="agent-env-1dd6c271-290a-493d-a066-69eaff8cbe4e"><testcase classname="backend.tests.test_iter41_pricing_and_regulator_pipeline" name="test_billing_tiers_returns_40_tiers" time="0.213" /><testcase classname="backend.tests.test_iter41_pricing_and_regulator_pipeline" name="test_billing_tiers_iter41_amounts" time="0.127" /><testcase classname="backend.tests.test_iter41_pricing_and_regulator_pipeline" name="test_billing_annual_savings_trades" time="0.153" /><testcase classname="backend.tests.test_iter41_pricing_and_regulator_pipeline" name="test_billing_annual_savings_retail" time="0.117" /><testcase classname="backend.tests.test_iter41_pricing_and_regulator_pipeline" name="test_billing_annual_savings_hospitality" time="0.101" /><testcase classname="backend.tests.test_iter41_pricing_and_regulator_pipeline" name="test_rightsizer_trades_solo" time="0.163" /><testcase classname="backend.tests.test_iter41_pricing_and_regulator_pipeline" name="test_rightsizer_hospitality_small" time="0.147" /><testcase classname="backend.tests.test_iter41_pricing_and_regulator_pipeline" name="test_rightsizer_retail_multi" time="0.112" /><testcase classname="backend.tests.test_iter41_pricing_and_regulator_pipeline" name="test_rightsizer_healthcare_enterprise" time="0.118" /><testcase classname="backend.tests.test_iter41_pricing_and_regulator_pipeline" name="test_rightsizer_transport_growing" time="0.113" /><testcase classname="backend.tests.test_iter41_pricing_and_regulator_pipeline" name="test_regulator_matrices" time="0.444" /><testcase classname="backend.tests.test_iter41_pricing_and_regulator_pipeline" name="test_triage_healthcare_death" time="0.128" /><testcase classname="backend.tests.test_iter41_pricing_and_regulator_pipeline" name="test_triage_transport_rollover" time="0.117" /><testcase classname="backend.tests.test_iter41_pricing_and_regulator_pipeline" name="test_triage_trades_minor_no_match" time="0.105" /><testcase classname="backend.tests.test_iter41_pricing_and_regulator_pipeline" name="test_triage_unknown_industry_graceful" time="0.123" /><testcase classname="backend.tests.test_iter41_pricing_and_regulator_pipeline" name="test_triage_requires_auth" time="0.143" /><testcase classname="backend.tests.test_iter41_pricing_and_regulator_pipeline" name="test_draft_healthcare_creates_case" time="0.116" /><testcase classname="backend.tests.test_iter41_pricing_and_regulator_pipeline" name="test_draft_trades_unmatched_rejected" time="0.110" /><testcase classname="backend.tests.test_iter41_pricing_and_regulator_pipeline" name="test_pending_includes_created_case" time="0.113" /><testcase classname="backend.tests.test_iter41_pricing_and_regulator_pipeline" name="test_mark_submitted_removes_from_pending" time="0.307" /><testcase classname="backend.tests.test_iter41_pricing_and_regulator_pipeline" name="test_mark_submitted_unknown_case_returns_404" time="0.117" /><testcase classname="backend.tests.test_iter41_pricing_and_regulator_pipeline" name="test_pending_requires_auth" time="0.114" /><testcase classname="backend.tests.test_iter41_pricing_and_regulator_pipeline" name="test_draft_requires_auth" time="0.108" /><testcase classname="backend.tests.test_iter41_pricing_and_regulator_pipeline" name="test_regression_mandatory_credentials" time="0.114" /><testcase classname="backend.tests.test_iter41_pricing_and_regulator_pipeline" name="test_regression_demo_requests" time="0.109" /><testcase classname="backend.tests.test_iter41_pricing_and_regulator_pipeline" name="test_regression_regulatory_digest" time="0.105" /><testcase classname="backend.tests.test_iter41_pricing_and_regulator_pipeline" name="test_regression_compliance_inbox" time="0.108" /></testsuite></testsuites>