<?xml version="1.0" encoding="utf-8"?><testsuites name="pytest tests"><testsuite name="pytest" errors="0" failures="0" skipped="0" tests="11" time="1.572" timestamp="2026-04-30T08:39:27.929059+00:00" hostname="agent-env-1dd6c271-290a-493d-a066-69eaff8cbe4e"><testcase classname="backend.tests.test_iter12_enterprise.TestBillingTiers" name="test_tiers_returns_8_entries" time="0.188" /><testcase classname="backend.tests.test_iter12_enterprise.TestBillingTiers" name="test_tiers_contain_all_expected_slugs" time="0.044" /><testcase classname="backend.tests.test_iter12_enterprise.TestBillingTiers" name="test_monthly_amounts_correct" time="0.045" /><testcase classname="backend.tests.test_iter12_enterprise.TestBillingTiers" name="test_annual_amounts_correct" time="0.044" /><testcase classname="backend.tests.test_iter12_enterprise.TestBillingTiers" name="test_enterprise_tier_exists" time="0.044" /><testcase classname="backend.tests.test_iter12_enterprise.TestMySubscription" name="test_requires_auth" time="0.045" /><testcase classname="backend.tests.test_iter12_enterprise.TestMySubscription" name="test_authenticated_returns_shape" time="0.403" /><testcase classname="backend.tests.test_iter12_enterprise.TestEnterpriseDemoRequest" name="test_demo_request_success_no_auth" time="0.056" /><testcase classname="backend.tests.test_iter12_enterprise.TestEnterpriseDemoRequest" name="test_demo_request_missing_required_field" time="0.046" /><testcase classname="backend.tests.test_iter12_enterprise.TestEnterpriseCheckout" name="test_enterprise_checkout_session_created" time="0.549" /><testcase classname="backend.tests.test_iter12_enterprise.TestEnterpriseCheckout" name="test_invalid_tier_slug_rejected" time="0.045" /></testsuite></testsuites>