<?xml version="1.0" encoding="utf-8"?><testsuites name="pytest tests"><testsuite name="pytest" errors="0" failures="0" skipped="0" tests="40" time="50.025" timestamp="2026-05-27T21:02:28.942889+00:00" hostname="agent-env-1dd6c271-290a-493d-a066-69eaff8cbe4e"><testcase classname="backend.tests.test_academy_stage1.TestCatalogue" name="test_catalogue_no_industry_infers_from_user" time="0.535" /><testcase classname="backend.tests.test_academy_stage1.TestCatalogue" name="test_catalogue_counts[trades]" time="15.121" /><testcase classname="backend.tests.test_academy_stage1.TestCatalogue" name="test_catalogue_counts[hospitality]" time="0.173" /><testcase classname="backend.tests.test_academy_stage1.TestCatalogue" name="test_catalogue_counts[transport]" time="0.154" /><testcase classname="backend.tests.test_academy_stage1.TestCatalogue" name="test_catalogue_counts[healthcare]" time="0.134" /><testcase classname="backend.tests.test_academy_stage1.TestCatalogue" name="test_catalogue_counts[retail]" time="0.148" /><testcase classname="backend.tests.test_academy_stage1.TestCatalogue" name="test_mvp_modules_have_required_fields" time="0.578" /><testcase classname="backend.tests.test_academy_stage1.TestCatalogue" name="test_rto_modules_have_disclaimer" time="0.620" /><testcase classname="backend.tests.test_academy_stage1.TestModule" name="test_module_known[cor_full]" time="0.120" /><testcase classname="backend.tests.test_academy_stage1.TestModule" name="test_module_known[swms_full]" time="0.120" /><testcase classname="backend.tests.test_academy_stage1.TestModule" name="test_module_known[food_handler_cert]" time="0.120" /><testcase classname="backend.tests.test_academy_stage1.TestModule" name="test_module_known[retail_lone_worker]" time="0.109" /><testcase classname="backend.tests.test_academy_stage1.TestModule" name="test_module_known[health_sirs_reporting]" time="0.123" /><testcase classname="backend.tests.test_academy_stage1.TestModule" name="test_module_404" time="0.121" /><testcase classname="backend.tests.test_academy_stage1.TestQuizzes" name="test_mvp_quiz_has_5_questions[trades_general_induction_refresher]" time="0.110" /><testcase classname="backend.tests.test_academy_stage1.TestQuizzes" name="test_mvp_quiz_has_5_questions[heights_full]" time="0.109" /><testcase classname="backend.tests.test_academy_stage1.TestQuizzes" name="test_mvp_quiz_has_5_questions[confined_space_full]" time="0.109" /><testcase classname="backend.tests.test_academy_stage1.TestQuizzes" name="test_mvp_quiz_has_5_questions[swms_full]" time="0.137" /><testcase classname="backend.tests.test_academy_stage1.TestQuizzes" name="test_mvp_quiz_has_5_questions[trades_manual_handling]" time="0.114" /><testcase classname="backend.tests.test_academy_stage1.TestQuizzes" name="test_mvp_quiz_has_5_questions[food_handler_cert]" time="0.140" /><testcase classname="backend.tests.test_academy_stage1.TestQuizzes" name="test_mvp_quiz_has_5_questions[hosp_haccp_implementation]" time="0.113" /><testcase classname="backend.tests.test_academy_stage1.TestQuizzes" name="test_mvp_quiz_has_5_questions[hosp_personal_hygiene]" time="0.133" /><testcase classname="backend.tests.test_academy_stage1.TestQuizzes" name="test_mvp_quiz_has_5_questions[hosp_allergen_management]" time="0.120" /><testcase classname="backend.tests.test_academy_stage1.TestQuizzes" name="test_mvp_quiz_has_5_questions[cor_full]" time="0.120" /><testcase classname="backend.tests.test_academy_stage1.TestQuizzes" name="test_mvp_quiz_has_5_questions[transport_hv_driver_awareness]" time="0.126" /><testcase classname="backend.tests.test_academy_stage1.TestQuizzes" name="test_mvp_quiz_has_5_questions[fatigue_full]" time="0.119" /><testcase classname="backend.tests.test_academy_stage1.TestQuizzes" name="test_mvp_quiz_has_5_questions[acqsc_full]" time="0.111" /><testcase classname="backend.tests.test_academy_stage1.TestQuizzes" name="test_mvp_quiz_has_5_questions[health_sirs_reporting]" time="0.109" /><testcase classname="backend.tests.test_academy_stage1.TestQuizzes" name="test_mvp_quiz_has_5_questions[retail_whs_team_members]" time="0.139" /><testcase classname="backend.tests.test_academy_stage1.TestQuizzes" name="test_mvp_quiz_has_5_questions[retail_manual_handling]" time="0.115" /><testcase classname="backend.tests.test_academy_stage1.TestQuizzes" name="test_mvp_quiz_has_5_questions[retail_lone_worker]" time="0.118" /><testcase classname="backend.tests.test_academy_stage1.TestQuizzes" name="test_non_mvp_quiz_falls_back_to_3q" time="0.114" /><testcase classname="backend.tests.test_academy_stage1.TestQuizzes" name="test_rto_quiz_has_disclaimer_passthrough" time="0.113" /><testcase classname="backend.tests.test_academy_stage1.TestSubmit" name="test_submit_correct_passes_and_creates_cert" time="0.229" /><testcase classname="backend.tests.test_academy_stage1.TestSubmit" name="test_submit_wrong_returns_no_cert" time="0.149" /><testcase classname="backend.tests.test_academy_stage1.TestSubmit" name="test_submit_wrong_count_400" time="0.112" /><testcase classname="backend.tests.test_academy_stage1.TestCert" name="test_own_cert_pdf" time="11.659" /><testcase classname="backend.tests.test_academy_stage1.TestCert" name="test_stranger_cert_404" time="17.019" /><testcase classname="backend.tests.test_academy_stage1.TestLegacy" name="test_legacy_courses_still_works" time="0.190" /><testcase classname="backend.tests.test_academy_stage1.TestLegacy" name="test_legacy_enrolments_still_works" time="0.115" /></testsuite></testsuites>