<?xml version="1.0" encoding="utf-8"?><testsuites name="pytest tests"><testsuite name="pytest" errors="0" failures="0" skipped="0" tests="28" time="6.059" timestamp="2026-05-25T11:26:26.851440+00:00" hostname="agent-env-1dd6c271-290a-493d-a066-69eaff8cbe4e"><testcase classname="backend.tests.test_iter57_p1_backlog.TestAuthRegression" name="test_login_owner" time="0.392" /><testcase classname="backend.tests.test_iter57_p1_backlog.TestAuthRegression" name="test_auth_me_owner" time="0.107" /><testcase classname="backend.tests.test_iter57_p1_backlog.TestAuthRegression" name="test_industry_demo_login_and_me[trades]" time="1.792" /><testcase classname="backend.tests.test_iter57_p1_backlog.TestAuthRegression" name="test_industry_demo_login_and_me[hospitality]" time="0.104" /><testcase classname="backend.tests.test_iter57_p1_backlog.TestAuthRegression" name="test_industry_demo_login_and_me[transport]" time="0.116" /><testcase classname="backend.tests.test_iter57_p1_backlog.TestAuthRegression" name="test_industry_demo_login_and_me[healthcare]" time="0.103" /><testcase classname="backend.tests.test_iter57_p1_backlog.TestAuthRegression" name="test_industry_demo_login_and_me[retail]" time="0.137" /><testcase classname="backend.tests.test_iter57_p1_backlog.TestNativeOAuth" name="test_oauth_status_lists_vendors" time="0.109" /><testcase classname="backend.tests.test_iter57_p1_backlog.TestNativeOAuth" name="test_oauth_start_returns_400_not_configured[xero]" time="0.126" /><testcase classname="backend.tests.test_iter57_p1_backlog.TestNativeOAuth" name="test_oauth_start_returns_400_not_configured[deputy]" time="0.108" /><testcase classname="backend.tests.test_iter57_p1_backlog.TestNativeOAuth" name="test_oauth_start_returns_400_not_configured[teletrac]" time="0.113" /><testcase classname="backend.tests.test_iter57_p1_backlog.TestNativeOAuth" name="test_oauth_start_returns_400_not_configured[ahpra]" time="0.118" /><testcase classname="backend.tests.test_iter57_p1_backlog.TestNativeOAuth" name="test_oauth_start_returns_400_not_configured[shopify]" time="0.099" /><testcase classname="backend.tests.test_iter57_p1_backlog.TestNativeOAuth" name="test_oauth_start_unknown_provider" time="0.102" /><testcase classname="backend.tests.test_iter57_p1_backlog.TestNativeOAuth" name="test_oauth_status_requires_auth" time="0.117" /><testcase classname="backend.tests.test_iter57_p1_backlog.TestPushNotifications" name="test_register_and_deregister" time="0.429" /><testcase classname="backend.tests.test_iter57_p1_backlog.TestPushNotifications" name="test_register_rejects_bad_platform" time="0.107" /><testcase classname="backend.tests.test_iter57_p1_backlog.TestPushNotifications" name="test_register_requires_auth" time="0.101" /><testcase classname="backend.tests.test_iter57_p1_backlog.TestIndustryWidgets" name="test_widget_returns_200_with_seed_data[trades]" time="0.106" /><testcase classname="backend.tests.test_iter57_p1_backlog.TestIndustryWidgets" name="test_widget_returns_200_with_seed_data[hospitality]" time="0.106" /><testcase classname="backend.tests.test_iter57_p1_backlog.TestIndustryWidgets" name="test_widget_returns_200_with_seed_data[transport]" time="0.114" /><testcase classname="backend.tests.test_iter57_p1_backlog.TestIndustryWidgets" name="test_widget_returns_200_with_seed_data[healthcare]" time="0.110" /><testcase classname="backend.tests.test_iter57_p1_backlog.TestIndustryWidgets" name="test_widget_returns_200_with_seed_data[retail]" time="0.105" /><testcase classname="backend.tests.test_iter57_p1_backlog.TestIndustryAlertTileActions" name="test_log_temp_reading_hospitality" time="0.215" /><testcase classname="backend.tests.test_iter57_p1_backlog.TestIndustryAlertTileActions" name="test_pause_driver_transport" time="0.231" /><testcase classname="backend.tests.test_iter57_p1_backlog.TestIndustryAlertTileActions" name="test_ahpra_reminder_healthcare" time="0.210" /><testcase classname="backend.tests.test_iter57_p1_backlog.TestIndustryAlertTileActions" name="test_licence_reminder_trades" time="0.237" /><testcase classname="backend.tests.test_iter57_p1_backlog.TestIndustryAlertTileActions" name="test_acknowledge_lone_worker_retail" time="0.252" /></testsuite></testsuites>