<?xml version="1.0" encoding="utf-8"?><testsuites name="pytest tests"><testsuite name="pytest" errors="0" failures="0" skipped="0" tests="9" time="4.226" timestamp="2026-04-30T08:00:00.729497+00:00" hostname="agent-env-1dd6c271-290a-493d-a066-69eaff8cbe4e"><testcase classname="backend.tests.test_iter11_analytics.TestAnalyticsSummary" name="test_summary_shape" time="0.555" /><testcase classname="backend.tests.test_iter11_analytics.TestAnalyticsSummary" name="test_daily_exactly_30" time="0.121" /><testcase classname="backend.tests.test_iter11_analytics.TestAnalyticsSummary" name="test_success_rate_math" time="0.104" /><testcase classname="backend.tests.test_iter11_analytics.TestAnalyticsSummary" name="test_slowest_consistent" time="0.117" /><testcase classname="backend.tests.test_iter11_analytics.TestDurationRecorded" name="test_duration_ms_present_on_run" time="1.316" /><testcase classname="backend.tests.test_iter11_analytics.TestTestAll" name="test_test_all_no_enabled_returns_empty_not_error" time="0.328" /><testcase classname="backend.tests.test_iter11_analytics.TestTestAll" name="test_test_all_mixed_success_and_failure" time="1.420" /><testcase classname="backend.tests.test_iter11_analytics.TestRegression" name="test_recipes_still_serve_six" time="0.102" /><testcase classname="backend.tests.test_iter11_analytics.TestRegression" name="test_webhooks_endpoint_unaffected" time="0.102" /></testsuite></testsuites>