<?xml version="1.0" encoding="utf-8"?><testsuites name="pytest tests"><testsuite name="pytest" errors="0" failures="0" skipped="0" tests="6" time="1.474" timestamp="2026-04-30T06:21:16.151652+00:00" hostname="agent-env-1dd6c271-290a-493d-a066-69eaff8cbe4e"><testcase classname="backend.tests.test_batch_e_marketing.TestTradecheckStats" name="test_stats_public_no_auth" time="0.201" /><testcase classname="backend.tests.test_batch_e_marketing.TestTradecheckStats" name="test_stats_logical_consistency" time="0.102" /><testcase classname="backend.tests.test_batch_e_marketing.TestRegressionPublic" name="test_api_root" time="0.102" /><testcase classname="backend.tests.test_batch_e_marketing.TestRegressionPublic" name="test_tradecheck_listings_public" time="0.116" /><testcase classname="backend.tests.test_batch_e_marketing.TestAuthRegression" name="test_login_owner" time="0.342" /><testcase classname="backend.tests.test_batch_e_marketing.TestAuthRegression" name="test_me_with_token" time="0.496" /></testsuite></testsuites>