<?xml version="1.0" encoding="utf-8"?><testsuites name="pytest tests"><testsuite name="pytest" errors="0" failures="0" skipped="0" tests="6" time="1.849" timestamp="2026-05-02T01:01:26.797717+00:00" hostname="agent-env-1dd6c271-290a-493d-a066-69eaff8cbe4e"><testcase classname="backend.tests.test_iter42_copy_and_regulator.TestRegulatorPipeline" name="test_matrices_public" time="0.179" /><testcase classname="backend.tests.test_iter42_copy_and_regulator.TestRegulatorPipeline" name="test_triage_healthcare_death" time="0.570" /><testcase classname="backend.tests.test_iter42_copy_and_regulator.TestRegulatorPipeline" name="test_triage_transport_rollover" time="0.455" /><testcase classname="backend.tests.test_iter42_copy_and_regulator.TestRegulatorPipeline" name="test_triage_trades_silent" time="0.111" /><testcase classname="backend.tests.test_iter42_copy_and_regulator.TestRegulatorPipeline" name="test_draft_and_pending_and_submit" time="0.361" /><testcase classname="backend.tests.test_iter42_copy_and_regulator.TestPricingRegression" name="test_billing_tiers_count_and_amounts" time="0.104" /></testsuite></testsuites>