<?xml version="1.0" encoding="utf-8"?><testsuites name="pytest tests"><testsuite name="pytest" errors="0" failures="0" skipped="0" tests="11" time="7.613" timestamp="2026-05-01T11:42:55.334216+00:00" hostname="agent-env-1dd6c271-290a-493d-a066-69eaff8cbe4e"><testcase classname="tests.test_iter33_multi_industry_batch.TestActivityTicker" name="test_endpoint_shape" time="0.214" /><testcase classname="tests.test_iter33_multi_industry_batch.TestAuditLog" name="test_owner_can_read" time="0.444" /><testcase classname="tests.test_iter33_multi_industry_batch.TestAIDocs" name="test_industry_filter" time="0.879" /><testcase classname="tests.test_iter33_multi_industry_batch.TestAIDocs" name="test_cross_industry_blocked" time="0.674" /><testcase classname="tests.test_iter33_multi_industry_batch.TestAddonsMarketplace" name="test_available_filters_by_industry" time="0.928" /><testcase classname="tests.test_iter33_multi_industry_batch.TestAddonsMarketplace" name="test_activate_deactivate_flow" time="0.780" /><testcase classname="tests.test_iter33_multi_industry_batch.TestAddonsMarketplace" name="test_cross_industry_addon_blocked" time="0.567" /><testcase classname="tests.test_iter33_multi_industry_batch.TestAcademy" name="test_catalogue_per_industry" time="1.520" /><testcase classname="tests.test_iter33_multi_industry_batch.TestAcademy" name="test_completion_marks_record" time="0.653" /><testcase classname="tests.test_iter33_multi_industry_batch.TestDataIsolation" name="test_workers_get_still_works" time="0.449" /><testcase classname="tests.test_iter33_multi_industry_batch.TestDataIsolation" name="test_incidents_get_still_works" time="0.436" /></testsuite></testsuites>