<?xml version="1.0" encoding="utf-8"?><testsuites name="pytest tests"><testsuite name="pytest" errors="0" failures="0" skipped="0" tests="7" time="4.906" timestamp="2026-05-01T11:10:49.734944+00:00" hostname="agent-env-1dd6c271-290a-493d-a066-69eaff8cbe4e"><testcase classname="backend.tests.test_iter32_permission_gate.TestFeatureFlags" name="test_features_me_endpoint_shape" time="0.699" /><testcase classname="backend.tests.test_iter32_permission_gate.TestFeatureFlags" name="test_features_change_with_industry_switch" time="0.878" /><testcase classname="backend.tests.test_iter32_permission_gate.TestHardBlock403" name="test_swms_blocked_for_healthcare" time="0.656" /><testcase classname="backend.tests.test_iter32_permission_gate.TestHardBlock403" name="test_industry_gated_doc_blocked" time="0.699" /><testcase classname="backend.tests.test_iter32_permission_gate.TestHardBlock403" name="test_swms_allowed_for_trades" time="0.734" /><testcase classname="backend.tests.test_iter32_permission_gate.TestHardBlock403" name="test_hospitality_can_create_haccp" time="0.646" /><testcase classname="backend.tests.test_iter32_permission_gate.TestEnabledFeaturesInAuthMe" name="test_auth_me_includes_features" time="0.531" /></testsuite></testsuites>