<?xml version="1.0" encoding="utf-8"?><testsuites name="pytest tests"><testsuite name="pytest" errors="0" failures="0" skipped="0" tests="58" time="20.457" timestamp="2026-05-01T00:37:23.583091+00:00" hostname="agent-env-1dd6c271-290a-493d-a066-69eaff8cbe4e"><testcase classname="backend.tests.test_iter23_doc_library_phase3_part2" name="test_types_returns_31_total" time="0.599" /><testcase classname="backend.tests.test_iter23_doc_library_phase3_part2" name="test_all_15_new_types_prefixes_and_categories" time="0.144" /><testcase classname="backend.tests.test_iter23_doc_library_phase3_part2" name="test_category_counts" time="0.138" /><testcase classname="backend.tests.test_iter23_doc_library_phase3_part2" name="test_new_table_field_type_widgets_present" time="0.110" /><testcase classname="backend.tests.test_iter23_doc_library_phase3_part2" name="test_auth_required_on_new_types[welding_procedure]" time="0.112" /><testcase classname="backend.tests.test_iter23_doc_library_phase3_part2" name="test_auth_required_on_new_types[loto]" time="0.123" /><testcase classname="backend.tests.test_iter23_doc_library_phase3_part2" name="test_auth_required_on_new_types[emp]" time="0.131" /><testcase classname="backend.tests.test_iter23_doc_library_phase3_part2" name="test_list_filters_by_doc_type[gas_compliance]" time="2.052" /><testcase classname="backend.tests.test_iter23_doc_library_phase3_part2" name="test_list_filters_by_doc_type[pressure_test]" time="0.118" /><testcase classname="backend.tests.test_iter23_doc_library_phase3_part2" name="test_list_filters_by_doc_type[backflow_test]" time="0.135" /><testcase classname="backend.tests.test_iter23_doc_library_phase3_part2" name="test_list_filters_by_doc_type[tmp]" time="0.115" /><testcase classname="backend.tests.test_iter23_doc_library_phase3_part2" name="test_list_filters_by_doc_type[plant_prestart]" time="0.110" /><testcase classname="backend.tests.test_iter23_doc_library_phase3_part2" name="test_list_filters_by_doc_type[scaffold_handover]" time="0.117" /><testcase classname="backend.tests.test_iter23_doc_library_phase3_part2" name="test_list_filters_by_doc_type[heights_permit]" time="0.141" /><testcase classname="backend.tests.test_iter23_doc_library_phase3_part2" name="test_list_filters_by_doc_type[loto]" time="0.120" /><testcase classname="backend.tests.test_iter23_doc_library_phase3_part2" name="test_list_filters_by_doc_type[manual_handling_ra]" time="0.106" /><testcase classname="backend.tests.test_iter23_doc_library_phase3_part2" name="test_list_filters_by_doc_type[noise_assessment]" time="0.106" /><testcase classname="backend.tests.test_iter23_doc_library_phase3_part2" name="test_list_filters_by_doc_type[silica_plan]" time="0.157" /><testcase classname="backend.tests.test_iter23_doc_library_phase3_part2" name="test_list_filters_by_doc_type[welding_procedure]" time="0.119" /><testcase classname="backend.tests.test_iter23_doc_library_phase3_part2" name="test_list_filters_by_doc_type[test_tag_register]" time="0.124" /><testcase classname="backend.tests.test_iter23_doc_library_phase3_part2" name="test_list_filters_by_doc_type[fire_safety_plan]" time="0.115" /><testcase classname="backend.tests.test_iter23_doc_library_phase3_part2" name="test_list_filters_by_doc_type[emp]" time="0.131" /><testcase classname="backend.tests.test_iter23_doc_library_phase3_part2" name="test_get_single_doc[gas_compliance]" time="0.118" /><testcase classname="backend.tests.test_iter23_doc_library_phase3_part2" name="test_get_single_doc[pressure_test]" time="0.131" /><testcase classname="backend.tests.test_iter23_doc_library_phase3_part2" name="test_get_single_doc[backflow_test]" time="0.127" /><testcase classname="backend.tests.test_iter23_doc_library_phase3_part2" name="test_get_single_doc[tmp]" time="0.119" /><testcase classname="backend.tests.test_iter23_doc_library_phase3_part2" name="test_get_single_doc[plant_prestart]" time="0.114" /><testcase classname="backend.tests.test_iter23_doc_library_phase3_part2" name="test_get_single_doc[scaffold_handover]" time="0.105" /><testcase classname="backend.tests.test_iter23_doc_library_phase3_part2" name="test_get_single_doc[heights_permit]" time="0.109" /><testcase classname="backend.tests.test_iter23_doc_library_phase3_part2" name="test_get_single_doc[loto]" time="0.114" /><testcase classname="backend.tests.test_iter23_doc_library_phase3_part2" name="test_get_single_doc[manual_handling_ra]" time="0.122" /><testcase classname="backend.tests.test_iter23_doc_library_phase3_part2" name="test_get_single_doc[noise_assessment]" time="0.113" /><testcase classname="backend.tests.test_iter23_doc_library_phase3_part2" name="test_get_single_doc[silica_plan]" time="0.140" /><testcase classname="backend.tests.test_iter23_doc_library_phase3_part2" name="test_get_single_doc[welding_procedure]" time="0.118" /><testcase classname="backend.tests.test_iter23_doc_library_phase3_part2" name="test_get_single_doc[test_tag_register]" time="0.115" /><testcase classname="backend.tests.test_iter23_doc_library_phase3_part2" name="test_get_single_doc[fire_safety_plan]" time="0.163" /><testcase classname="backend.tests.test_iter23_doc_library_phase3_part2" name="test_get_single_doc[emp]" time="0.139" /><testcase classname="backend.tests.test_iter23_doc_library_phase3_part2" name="test_pdf_returns_application_pdf_size_gt_5000[gas_compliance]" time="0.701" /><testcase classname="backend.tests.test_iter23_doc_library_phase3_part2" name="test_pdf_returns_application_pdf_size_gt_5000[pressure_test]" time="0.208" /><testcase classname="backend.tests.test_iter23_doc_library_phase3_part2" name="test_pdf_returns_application_pdf_size_gt_5000[backflow_test]" time="0.197" /><testcase classname="backend.tests.test_iter23_doc_library_phase3_part2" name="test_pdf_returns_application_pdf_size_gt_5000[tmp]" time="0.187" /><testcase classname="backend.tests.test_iter23_doc_library_phase3_part2" name="test_pdf_returns_application_pdf_size_gt_5000[plant_prestart]" time="0.198" /><testcase classname="backend.tests.test_iter23_doc_library_phase3_part2" name="test_pdf_returns_application_pdf_size_gt_5000[scaffold_handover]" time="0.313" /><testcase classname="backend.tests.test_iter23_doc_library_phase3_part2" name="test_pdf_returns_application_pdf_size_gt_5000[heights_permit]" time="0.194" /><testcase classname="backend.tests.test_iter23_doc_library_phase3_part2" name="test_pdf_returns_application_pdf_size_gt_5000[loto]" time="0.192" /><testcase classname="backend.tests.test_iter23_doc_library_phase3_part2" name="test_pdf_returns_application_pdf_size_gt_5000[manual_handling_ra]" time="0.171" /><testcase classname="backend.tests.test_iter23_doc_library_phase3_part2" name="test_pdf_returns_application_pdf_size_gt_5000[noise_assessment]" time="0.180" /><testcase classname="backend.tests.test_iter23_doc_library_phase3_part2" name="test_pdf_returns_application_pdf_size_gt_5000[silica_plan]" time="0.228" /><testcase classname="backend.tests.test_iter23_doc_library_phase3_part2" name="test_pdf_returns_application_pdf_size_gt_5000[welding_procedure]" time="0.213" /><testcase classname="backend.tests.test_iter23_doc_library_phase3_part2" name="test_pdf_returns_application_pdf_size_gt_5000[test_tag_register]" time="0.198" /><testcase classname="backend.tests.test_iter23_doc_library_phase3_part2" name="test_pdf_returns_application_pdf_size_gt_5000[fire_safety_plan]" time="0.243" /><testcase classname="backend.tests.test_iter23_doc_library_phase3_part2" name="test_pdf_returns_application_pdf_size_gt_5000[emp]" time="0.318" /><testcase classname="backend.tests.test_iter23_doc_library_phase3_part2" name="test_patch_tmp_updates_speed_zone" time="0.222" /><testcase classname="backend.tests.test_iter23_doc_library_phase3_part2" name="test_patch_loto_updates_stored_energy_steps" time="0.234" /><testcase classname="backend.tests.test_iter23_doc_library_phase3_part2" name="test_delete_archives_then_removes" time="0.615" /><testcase classname="backend.tests.test_iter23_doc_library_phase3_part2" name="test_regression_existing_types_pdf[jsa-payload0]" time="0.524" /><testcase classname="backend.tests.test_iter23_doc_library_phase3_part2" name="test_regression_existing_types_pdf[whs_mgmt_plan-payload1]" time="0.529" /><testcase classname="backend.tests.test_iter23_doc_library_phase3_part2" name="test_regression_existing_types_pdf[ccew-payload2]" time="7.496" /></testsuite></testsuites>