<?xml version="1.0" encoding="utf-8"?><testsuites name="pytest tests"><testsuite name="pytest" errors="0" failures="7" skipped="1" tests="28" time="7.017" timestamp="2026-05-25T11:19:25.587679+00:00" hostname="agent-env-1dd6c271-290a-493d-a066-69eaff8cbe4e"><testcase classname="backend.tests.test_iter57_p1_backlog.TestAuthRegression" name="test_login_owner" time="0.446" /><testcase classname="backend.tests.test_iter57_p1_backlog.TestAuthRegression" name="test_auth_me_owner" time="0.126" /><testcase classname="backend.tests.test_iter57_p1_backlog.TestAuthRegression" name="test_industry_demo_login_and_me[trades]" time="2.879" /><testcase classname="backend.tests.test_iter57_p1_backlog.TestAuthRegression" name="test_industry_demo_login_and_me[hospitality]" time="0.102" /><testcase classname="backend.tests.test_iter57_p1_backlog.TestAuthRegression" name="test_industry_demo_login_and_me[transport]" time="0.142" /><testcase classname="backend.tests.test_iter57_p1_backlog.TestAuthRegression" name="test_industry_demo_login_and_me[healthcare]" time="0.116" /><testcase classname="backend.tests.test_iter57_p1_backlog.TestAuthRegression" name="test_industry_demo_login_and_me[retail]" time="0.124" /><testcase classname="backend.tests.test_iter57_p1_backlog.TestNativeOAuth" name="test_oauth_status_lists_vendors" time="0.103" /><testcase classname="backend.tests.test_iter57_p1_backlog.TestNativeOAuth" name="test_oauth_start_returns_400_not_configured[xero]" time="0.107" /><testcase classname="backend.tests.test_iter57_p1_backlog.TestNativeOAuth" name="test_oauth_start_returns_400_not_configured[deputy]" time="0.105" /><testcase classname="backend.tests.test_iter57_p1_backlog.TestNativeOAuth" name="test_oauth_start_returns_400_not_configured[teletrac]" time="0.111" /><testcase classname="backend.tests.test_iter57_p1_backlog.TestNativeOAuth" name="test_oauth_start_returns_400_not_configured[ahpra]" time="0.105" /><testcase classname="backend.tests.test_iter57_p1_backlog.TestNativeOAuth" name="test_oauth_start_returns_400_not_configured[shopify]" time="0.108" /><testcase classname="backend.tests.test_iter57_p1_backlog.TestNativeOAuth" name="test_oauth_start_unknown_provider" time="0.106" /><testcase classname="backend.tests.test_iter57_p1_backlog.TestNativeOAuth" name="test_oauth_status_requires_auth" time="0.104" /><testcase classname="backend.tests.test_iter57_p1_backlog.TestPushNotifications" name="test_register_and_deregister" time="0.403"><failure message="AssertionError: {&quot;detail&quot;:&quot;Your free trial has ended. Upgrade from Settings → Billing to continue. Read-only access is preserved.&quot;,&quot;trial_expired&quot;:true}&#10;assert 402 == 200&#10; +  where 402 = &lt;Response [402]&gt;.status_code">E   AssertionError: {"detail":"Your free trial has ended. Upgrade from Settings → Billing to continue. Read-only access is preserved.","trial_expired":true}
    assert 402 == 200
     +  where 402 = &lt;Response [402]&gt;.status_code</failure></testcase><testcase classname="backend.tests.test_iter57_p1_backlog.TestPushNotifications" name="test_register_rejects_bad_platform" time="0.123"><failure message="assert 402 in (400, 422)&#10; +  where 402 = &lt;Response [402]&gt;.status_code">E   assert 402 in (400, 422)
     +  where 402 = &lt;Response [402]&gt;.status_code</failure></testcase><testcase classname="backend.tests.test_iter57_p1_backlog.TestPushNotifications" name="test_register_requires_auth" time="0.104" /><testcase classname="backend.tests.test_iter57_p1_backlog.TestIndustryWidgets" name="test_widget_returns_200_with_seed_data[trades]" time="0.110" /><testcase classname="backend.tests.test_iter57_p1_backlog.TestIndustryWidgets" name="test_widget_returns_200_with_seed_data[hospitality]" time="0.106" /><testcase classname="backend.tests.test_iter57_p1_backlog.TestIndustryWidgets" name="test_widget_returns_200_with_seed_data[transport]" time="0.110"><failure message="AssertionError: transport widget returned empty arrays {'industry': 'transport', 'kind': 'fatigue_alert', 'approaching': [], 'exceeding': [], 'window_hours': 24}&#10;assert 0 &gt; 0">E   AssertionError: transport widget returned empty arrays {'industry': 'transport', 'kind': 'fatigue_alert', 'approaching': [], 'exceeding': [], 'window_hours': 24}
    assert 0 &gt; 0</failure></testcase><testcase classname="backend.tests.test_iter57_p1_backlog.TestIndustryWidgets" name="test_widget_returns_200_with_seed_data[healthcare]" time="0.105" /><testcase classname="backend.tests.test_iter57_p1_backlog.TestIndustryWidgets" name="test_widget_returns_200_with_seed_data[retail]" time="0.119" /><testcase classname="backend.tests.test_iter57_p1_backlog.TestIndustryAlertTileActions" name="test_log_temp_reading_hospitality" time="0.226"><failure message="AssertionError: {&quot;detail&quot;:&quot;equipment and temp_c are required&quot;}&#10;assert 400 in (200, 201)&#10; +  where 400 = &lt;Response [400]&gt;.status_code">E   AssertionError: {"detail":"equipment and temp_c are required"}
    assert 400 in (200, 201)
     +  where 400 = &lt;Response [400]&gt;.status_code</failure></testcase><testcase classname="backend.tests.test_iter57_p1_backlog.TestIndustryAlertTileActions" name="test_pause_driver_transport" time="0.109"><skipped type="pytest.skip" message="no transport drivers available">/app/backend/tests/test_iter57_p1_backlog.py:227: no transport drivers available</skipped></testcase><testcase classname="backend.tests.test_iter57_p1_backlog.TestIndustryAlertTileActions" name="test_ahpra_reminder_healthcare" time="0.209"><failure message="AssertionError: ahpra remind endpoint missing/broken: 404 {&quot;detail&quot;:&quot;Not Found&quot;}&#10;assert 404 in (200, 201)&#10; +  where 404 = &lt;Response [404]&gt;.status_code">E   AssertionError: ahpra remind endpoint missing/broken: 404 {"detail":"Not Found"}
    assert 404 in (200, 201)
     +  where 404 = &lt;Response [404]&gt;.status_code</failure></testcase><testcase classname="backend.tests.test_iter57_p1_backlog.TestIndustryAlertTileActions" name="test_licence_reminder_trades" time="0.219"><failure message="AssertionError: licence remind endpoint missing/broken: 404 {&quot;detail&quot;:&quot;Not Found&quot;}&#10;assert 404 in (200, 201)&#10; +  where 404 = &lt;Response [404]&gt;.status_code">E   AssertionError: licence remind endpoint missing/broken: 404 {"detail":"Not Found"}
    assert 404 in (200, 201)
     +  where 404 = &lt;Response [404]&gt;.status_code</failure></testcase><testcase classname="backend.tests.test_iter57_p1_backlog.TestIndustryAlertTileActions" name="test_acknowledge_lone_worker_retail" time="0.214"><failure message="AssertionError: lone-worker acknowledge endpoint missing/broken: 404 {&quot;detail&quot;:&quot;Not Found&quot;}&#10;assert 404 in (200, 201)&#10; +  where 404 = &lt;Response [404]&gt;.status_code">E   AssertionError: lone-worker acknowledge endpoint missing/broken: 404 {"detail":"Not Found"}
    assert 404 in (200, 201)
     +  where 404 = &lt;Response [404]&gt;.status_code</failure></testcase></testsuite></testsuites>