<?xml version="1.0" encoding="utf-8"?><testsuites name="pytest tests"><testsuite name="pytest" errors="0" failures="1" skipped="0" tests="1" time="2.559" timestamp="2026-05-22T09:40:20.956933+00:00" hostname="agent-env-1dd6c271-290a-493d-a066-69eaff8cbe4e"><testcase classname="backend.tests.test_iter47_session_invalidation" name="test_password_reset_invalidates_old_jwt" time="2.461"><failure message="AssertionError: Old JWT still valid after password reset (got 200). Spec requires session invalidation on reset.&#10;assert 200 == 401&#10; +  where 200 = &lt;Response [200 OK]&gt;.status_code">backend/tests/test_iter47_session_invalidation.py:76: in test_password_reset_invalidates_old_jwt
    assert me_after.status_code == 401, (
E   AssertionError: Old JWT still valid after password reset (got 200). Spec requires session invalidation on reset.
E   assert 200 == 401
E    +  where 200 = &lt;Response [200 OK]&gt;.status_code</failure></testcase></testsuite></testsuites>