<?xml version="1.0" encoding="utf-8"?><testsuites name="pytest tests"><testsuite name="pytest" errors="0" failures="0" skipped="0" tests="7" time="7.208" timestamp="2026-05-22T09:45:57.363110+00:00" hostname="agent-env-1dd6c271-290a-493d-a066-69eaff8cbe4e"><testcase classname="backend.tests.test_iter47_session_invalidation" name="test_password_reset_invalidates_old_jwt" time="2.504" /><testcase classname="backend.tests.test_password_reset" name="test_forgot_password_existing_user" time="0.301" /><testcase classname="backend.tests.test_password_reset" name="test_forgot_password_nonexistent_user_identical_response" time="0.422" /><testcase classname="backend.tests.test_password_reset" name="test_verify_reset_token_valid_and_invalid" time="0.657" /><testcase classname="backend.tests.test_password_reset" name="test_reset_password_weak_password_returns_422" time="0.410" /><testcase classname="backend.tests.test_password_reset" name="test_reset_password_valid_then_reuse_blocked" time="2.346" /><testcase classname="backend.tests.test_password_reset" name="test_forgot_password_rate_limit_after_three" time="0.469" /></testsuite></testsuites>