<?xml version="1.0" encoding="utf-8"?><testsuites name="pytest tests"><testsuite name="pytest" errors="0" failures="0" skipped="2" tests="37" time="5.960" timestamp="2026-05-02T00:30:43.817816+00:00" hostname="agent-env-1dd6c271-290a-493d-a066-69eaff8cbe4e"><testcase classname="backend.tests.test_iter40_pricing_and_scheduling.TestBillingTiersIter40" name="test_returns_40_tiers" time="0.235" /><testcase classname="backend.tests.test_iter40_pricing_and_scheduling.TestBillingTiersIter40" name="test_tier_amount[sole_trader-annual-5990]" time="0.116" /><testcase classname="backend.tests.test_iter40_pricing_and_scheduling.TestBillingTiersIter40" name="test_tier_amount[sole_trader-monthly-599]" time="0.109" /><testcase classname="backend.tests.test_iter40_pricing_and_scheduling.TestBillingTiersIter40" name="test_tier_amount[enterprise-annual-29990]" time="0.119" /><testcase classname="backend.tests.test_iter40_pricing_and_scheduling.TestBillingTiersIter40" name="test_tier_amount[retail_single-annual-7990]" time="0.123" /><testcase classname="backend.tests.test_iter40_pricing_and_scheduling.TestBillingTiersIter40" name="test_tier_amount[retail_enterprise-annual-39990]" time="0.109" /><testcase classname="backend.tests.test_iter40_pricing_and_scheduling.TestBillingTiersIter40" name="test_tier_amount[hosp_single-annual-11990]" time="0.127" /><testcase classname="backend.tests.test_iter40_pricing_and_scheduling.TestBillingTiersIter40" name="test_tier_amount[hosp_enterprise-annual-54990]" time="0.118" /><testcase classname="backend.tests.test_iter40_pricing_and_scheduling.TestBillingTiersIter40" name="test_tier_amount[trans_owner-annual-14990]" time="0.128" /><testcase classname="backend.tests.test_iter40_pricing_and_scheduling.TestBillingTiersIter40" name="test_tier_amount[trans_enterprise-annual-69990]" time="0.116" /><testcase classname="backend.tests.test_iter40_pricing_and_scheduling.TestBillingTiersIter40" name="test_tier_amount[health_solo-annual-24990]" time="0.111" /><testcase classname="backend.tests.test_iter40_pricing_and_scheduling.TestBillingTiersIter40" name="test_tier_amount[health_multi-annual-79990]" time="0.100" /><testcase classname="backend.tests.test_iter40_pricing_and_scheduling.TestBillingTiersIter40" name="test_tier_amount[health_enterprise-annual-179990]" time="0.108" /><testcase classname="backend.tests.test_iter40_pricing_and_scheduling.TestBillingTiersIter40" name="test_tier_amount[health_enterprise-monthly-17999]" time="0.110" /><testcase classname="backend.tests.test_iter40_pricing_and_scheduling.TestPlanRightsizer" name="test_trades_solo" time="0.126" /><testcase classname="backend.tests.test_iter40_pricing_and_scheduling.TestPlanRightsizer" name="test_hospitality_small_group" time="0.155" /><testcase classname="backend.tests.test_iter40_pricing_and_scheduling.TestPlanRightsizer" name="test_transport_growing_fleet" time="0.133" /><testcase classname="backend.tests.test_iter40_pricing_and_scheduling.TestPlanRightsizer" name="test_healthcare_enterprise" time="0.129" /><testcase classname="backend.tests.test_iter40_pricing_and_scheduling.TestPlanRightsizer" name="test_retail_multi_store" time="0.106" /><testcase classname="backend.tests.test_iter40_pricing_and_scheduling.TestPlanRightsizer" name="test_risk_anchor_contains_industry_cue" time="0.591" /><testcase classname="backend.tests.test_iter40_pricing_and_scheduling.TestMandatoryCredentials" name="test_all_industries" time="0.103" /><testcase classname="backend.tests.test_iter40_pricing_and_scheduling.TestMandatoryCredentials" name="test_healthcare_specific" time="0.149" /><testcase classname="backend.tests.test_iter40_pricing_and_scheduling.TestMandatoryCredentials" name="test_unknown_industry_400" time="0.104" /><testcase classname="backend.tests.test_iter40_pricing_and_scheduling.TestSchedulingEligibility" name="test_unauthenticated_401" time="0.106" /><testcase classname="backend.tests.test_iter40_pricing_and_scheduling.TestSchedulingEligibility" name="test_cross_account_worker_404" time="0.492" /><testcase classname="backend.tests.test_iter40_pricing_and_scheduling.TestSchedulingEligibility" name="test_check_eligibility_shape" time="0.227" /><testcase classname="backend.tests.test_iter40_pricing_and_scheduling.TestSchedulingEligibility" name="test_worker_without_white_card_blocks" time="0.119" /><testcase classname="backend.tests.test_iter40_pricing_and_scheduling.TestSchedulingEligibility" name="test_add_white_card_flips_eligibility" time="0.115"><skipped type="pytest.skip" message="Worker already eligible">/app/backend/tests/test_iter40_pricing_and_scheduling.py:228: Worker already eligible</skipped></testcase><testcase classname="backend.tests.test_iter40_pricing_and_scheduling.TestRosterGate" name="test_batch_shape" time="0.217" /><testcase classname="backend.tests.test_iter40_pricing_and_scheduling.TestShiftCreation" name="test_empty_worker_ids_400" time="0.119" /><testcase classname="backend.tests.test_iter40_pricing_and_scheduling.TestShiftCreation" name="test_missing_starts_at_400" time="0.223" /><testcase classname="backend.tests.test_iter40_pricing_and_scheduling.TestShiftCreation" name="test_eligible_worker_creates_shift" time="0.251" /><testcase classname="backend.tests.test_iter40_pricing_and_scheduling.TestShiftCreation" name="test_ineligible_worker_409" time="0.110"><skipped type="pytest.skip" message="Cannot create test worker: 422 {&quot;detail&quot;:[{&quot;type&quot;:&quot;missing&quot;,&quot;loc&quot;:[&quot;body&quot;,&quot;role&quot;],&quot;msg&quot;:&quot;Field required&quot;,&quot;input&quot;:{&quot;name&quot;:&quot;TEST_Iter40 Blocked&quot;,&quot;email&quot;:&quot;test_iter40_blocked@example.com&quot;,&quot;phone&quot;:&quot;0400000001&quot;,&quot;trade&quot;:&quot;electrical&quot;,&quot;ind">/app/backend/tests/test_iter40_pricing_and_scheduling.py:318: Cannot create test worker: 422 {"detail":[{"type":"missing","loc":["body","role"],"msg":"Field required","input":{"name":"TEST_Iter40 Blocked","email":"test_iter40_blocked@example.com","phone":"0400000001","trade":"electrical","ind</skipped></testcase><testcase classname="backend.tests.test_iter40_pricing_and_scheduling.TestRegression" name="test_demo_requests_owner" time="0.133" /><testcase classname="backend.tests.test_iter40_pricing_and_scheduling.TestRegression" name="test_regulatory_digest" time="0.128" /><testcase classname="backend.tests.test_iter40_pricing_and_scheduling.TestRegression" name="test_compliance_inbox" time="0.174" /><testcase classname="backend.tests.test_iter40_pricing_and_scheduling.TestRegression" name="test_public_industry_signal_trades" time="0.118" /></testsuite></testsuites>