<?xml version="1.0" encoding="utf-8"?><testsuites name="pytest tests"><testsuite name="pytest" errors="0" failures="2" skipped="1" tests="13" time="8.535" timestamp="2026-05-01T11:43:50.492160+00:00" hostname="agent-env-1dd6c271-290a-493d-a066-69eaff8cbe4e"><testcase classname="tests.test_iter33_extras.TestAIDocsIndustryCoverage" name="test_trades_returns_empty" time="0.639" /><testcase classname="tests.test_iter33_extras.TestAIDocsIndustryCoverage" name="test_transport_has_cor_management_plan" time="0.698" /><testcase classname="tests.test_iter33_extras.TestAIDocsIndustryCoverage" name="test_healthcare_has_manual_handling_ra" time="0.661" /><testcase classname="tests.test_iter33_extras.TestAIDocsIndustryCoverage" name="test_retail_has_working_alone_ra" time="0.687" /><testcase classname="tests.test_iter33_extras.TestAddonsIndustryFilter" name="test_transport_has_ewd_integration" time="0.651" /><testcase classname="tests.test_iter33_extras.TestAddonsIndustryFilter" name="test_healthcare_has_ahpra_monitoring" time="0.686" /><testcase classname="tests.test_iter33_extras.TestAddonsIndustryFilter" name="test_retail_has_franchise_network" time="0.656" /><testcase classname="tests.test_iter33_extras.TestAcademyArrays" name="test_microlearning_and_full_courses_arrays_exist" time="1.589" /><testcase classname="tests.test_iter33_extras.TestStamping" name="test_create_worker_stamps_account_id" time="0.546"><failure message="AssertionError: {&quot;detail&quot;:[{&quot;type&quot;:&quot;missing&quot;,&quot;loc&quot;:[&quot;body&quot;,&quot;role&quot;],&quot;msg&quot;:&quot;Field required&quot;,&quot;input&quot;:{&quot;name&quot;:&quot;TEST_iter33_worker&quot;,&quot;email&quot;:&quot;test_iter33_1777635837@example.com&quot;,&quot;phone&quot;:&quot;0400000000&quot;,&quot;trade_type&quot;:&quot;Carpenter&quot;},&quot;url&quot;:&quot;https://errors.pydantic.dev/2.12/v/missing&quot;}]}&#10;assert 422 in (200, 201)&#10; +  where 422 = &lt;Response [422]&gt;.status_code">tests/test_iter33_extras.py:133: in test_create_worker_stamps_account_id
    assert r.status_code in (200, 201), r.text
E   AssertionError: {"detail":[{"type":"missing","loc":["body","role"],"msg":"Field required","input":{"name":"TEST_iter33_worker","email":"test_iter33_1777635837@example.com","phone":"0400000000","trade_type":"Carpenter"},"url":"https://errors.pydantic.dev/2.12/v/missing"}]}
E   assert 422 in (200, 201)
E    +  where 422 = &lt;Response [422]&gt;.status_code</failure></testcase><testcase classname="tests.test_iter33_extras.TestStamping" name="test_create_incident_stamps_account_id" time="0.539"><failure message="AssertionError: {&quot;detail&quot;:[{&quot;type&quot;:&quot;literal_error&quot;,&quot;loc&quot;:[&quot;body&quot;,&quot;severity&quot;],&quot;msg&quot;:&quot;Input should be 'near_miss', 'minor', 'moderate', 'serious' or 'critical'&quot;,&quot;input&quot;:&quot;low&quot;,&quot;ctx&quot;:{&quot;expected&quot;:&quot;'near_miss', 'minor', 'moderate', 'serious' or 'critical'&quot;},&quot;url&quot;:&quot;https://errors.pydantic.dev/2.12/v/literal_error&quot;}]}&#10;assert 422 in (200, 201)&#10; +  where 422 = &lt;Response [422]&gt;.status_code">tests/test_iter33_extras.py:163: in test_create_incident_stamps_account_id
    assert r.status_code in (200, 201), r.text
E   AssertionError: {"detail":[{"type":"literal_error","loc":["body","severity"],"msg":"Input should be 'near_miss', 'minor', 'moderate', 'serious' or 'critical'","input":"low","ctx":{"expected":"'near_miss', 'minor', 'moderate', 'serious' or 'critical'"},"url":"https://errors.pydantic.dev/2.12/v/literal_error"}]}
E   assert 422 in (200, 201)
E    +  where 422 = &lt;Response [422]&gt;.status_code</failure></testcase><testcase classname="tests.test_iter33_extras.TestAuditLogMutations" name="test_addon_activation_appears_in_audit" time="0.866" /><testcase classname="tests.test_iter33_extras.TestNonOwnerAddonForbidden" name="test_worker_cannot_activate_addon" time="0.102"><skipped type="pytest.skip" message="worker login failed (401); cannot test">/app/backend/tests/test_iter33_extras.py:211: worker login failed (401); cannot test</skipped></testcase><testcase classname="tests.test_iter33_extras.TestActivityCountersExtra" name="test_counters_all_present" time="0.109" /></testsuite></testsuites>