<?xml version="1.0" encoding="utf-8"?><testsuites name="pytest tests"><testsuite name="pytest" errors="0" failures="1" skipped="0" tests="27" time="17.548" timestamp="2026-04-30T11:08:22.149880+00:00" hostname="agent-env-1dd6c271-290a-493d-a066-69eaff8cbe4e"><testcase classname="backend.tests.test_iter15_incident_workflow" name="test_regulators_meta" time="0.573" /><testcase classname="backend.tests.test_iter15_incident_workflow" name="test_stats_shape" time="0.050" /><testcase classname="backend.tests.test_iter15_incident_workflow" name="test_create_incident_basic" time="0.050" /><testcase classname="backend.tests.test_iter15_incident_workflow" name="test_create_incident_urgent_hospital" time="0.047" /><testcase classname="backend.tests.test_iter15_incident_workflow" name="test_create_incident_non_urgent" time="0.047" /><testcase classname="backend.tests.test_iter15_incident_workflow" name="test_list_includes_lifecycle" time="0.050" /><testcase classname="backend.tests.test_iter15_incident_workflow" name="test_get_single_has_lifecycle" time="0.046" /><testcase classname="backend.tests.test_iter15_incident_workflow" name="test_triage_death_notifiable_advances" time="0.094" /><testcase classname="backend.tests.test_iter15_incident_workflow" name="test_triage_serious_injury_category" time="0.097" /><testcase classname="backend.tests.test_iter15_incident_workflow" name="test_triage_dangerous_occurrence_category" time="0.095" /><testcase classname="backend.tests.test_iter15_incident_workflow" name="test_triage_none_not_notifiable" time="0.092" /><testcase classname="backend.tests.test_iter15_incident_workflow" name="test_investigation_advances" time="0.046" /><testcase classname="backend.tests.test_iter15_incident_workflow" name="test_actions_saves_keeps_stage" time="0.048" /><testcase classname="backend.tests.test_iter15_incident_workflow" name="test_close_out_requires_fields" time="0.046" /><testcase classname="backend.tests.test_iter15_incident_workflow" name="test_close_out_success" time="0.047" /><testcase classname="backend.tests.test_iter15_incident_workflow" name="test_reopen_empty_reason_400" time="0.045" /><testcase classname="backend.tests.test_iter15_incident_workflow" name="test_reopen_success" time="0.089" /><testcase classname="backend.tests.test_iter15_incident_workflow" name="test_ai_categorise" time="3.586" /><testcase classname="backend.tests.test_iter15_incident_workflow" name="test_ai_root_cause" time="5.014" /><testcase classname="backend.tests.test_iter15_incident_workflow" name="test_ai_summary" time="2.799" /><testcase classname="backend.tests.test_iter15_incident_workflow" name="test_ai_lessons_learned" time="4.178" /><testcase classname="backend.tests.test_iter15_incident_workflow" name="test_notifications_written" time="0.047" /><testcase classname="backend.tests.test_iter15_incident_workflow" name="test_regression_risks" time="0.045" /><testcase classname="backend.tests.test_iter15_incident_workflow" name="test_regression_library_processes" time="0.056"><failure message="assert 400 == 200&#10; +  where 400 = &lt;Response [400]&gt;.status_code">backend/tests/test_iter15_incident_workflow.py:289: in test_regression_library_processes
    assert r.status_code == 200
E   assert 400 == 200
E    +  where 400 = &lt;Response [400]&gt;.status_code</failure></testcase><testcase classname="backend.tests.test_iter15_incident_workflow" name="test_regression_billing_tiers" time="0.044" /><testcase classname="backend.tests.test_iter15_incident_workflow" name="test_regression_partner_branding" time="0.049" /><testcase classname="backend.tests.test_iter15_incident_workflow" name="test_regression_legacy_incidents" time="0.049" /></testsuite></testsuites>