<?xml version="1.0" encoding="utf-8"?><testsuites name="pytest tests"><testsuite name="pytest" errors="0" failures="2" skipped="0" tests="21" time="27.995" timestamp="2026-05-28T07:54:57.756553+00:00" hostname="agent-env-1dd6c271-290a-493d-a066-69eaff8cbe4e"><testcase classname="backend.tests.test_iter56_phase1.TestIndustry403" name="test_library_process_cross_industry_403" time="0.580" /><testcase classname="backend.tests.test_iter56_phase1.TestIndustry403" name="test_library_process_same_industry_200" time="0.115" /><testcase classname="backend.tests.test_iter56_phase1.TestIndustry403" name="test_library_process_default_200" time="0.114" /><testcase classname="backend.tests.test_iter56_phase1.TestIndustry403" name="test_risks_cross_industry_403" time="0.109" /><testcase classname="backend.tests.test_iter56_phase1.TestIndustry403" name="test_risks_same_industry_200" time="0.098" /><testcase classname="backend.tests.test_iter56_phase1.TestIndustry403" name="test_risks_default_200" time="0.102" /><testcase classname="backend.tests.test_iter56_phase1.TestIndustry403" name="test_academy_catalogue_cross_403" time="0.099" /><testcase classname="backend.tests.test_iter56_phase1.TestIndustry403" name="test_academy_catalogue_default_200" time="0.109" /><testcase classname="backend.tests.test_iter56_phase1.TestIndustry403" name="test_ai_docs_types_cross_403" time="0.103" /><testcase classname="backend.tests.test_iter56_phase1.TestIndustry403" name="test_ai_docs_types_default_200" time="0.100" /><testcase classname="backend.tests.test_iter56_phase1.TestLibraryCreateNew" name="test_create_activity" time="0.308" /><testcase classname="backend.tests.test_iter56_phase1.TestLibraryCreateNew" name="test_create_task" time="0.307" /><testcase classname="backend.tests.test_iter56_phase1.TestServerSideMeResolution" name="test_capa_me_override" time="0.103" /><testcase classname="backend.tests.test_iter56_phase1.TestServerSideMeResolution" name="test_risk_me_override_owner_and_action" time="0.107" /><testcase classname="backend.tests.test_iter56_phase1.TestCustomDocs" name="test_propose_custom_doc" time="24.424" /><testcase classname="backend.tests.test_iter56_phase1.TestCustomDocs" name="test_persist_custom_doc" time="0.129" /><testcase classname="backend.tests.test_iter56_phase1.TestCustomDocs" name="test_list_custom_docs" time="0.101"><failure message="assert 404 == 200&#10; +  where 404 = &lt;Response [404]&gt;.status_code">backend/tests/test_iter56_phase1.py:239: in test_list_custom_docs
    assert r.status_code == 200
E   assert 404 == 200
E    +  where 404 = &lt;Response [404]&gt;.status_code</failure></testcase><testcase classname="backend.tests.test_iter56_phase1.TestCustomDocs" name="test_hospi_does_not_see_trades_custom" time="0.429"><failure message="assert 404 == 200&#10; +  where 404 = &lt;Response [404]&gt;.status_code">backend/tests/test_iter56_phase1.py:246: in test_hospi_does_not_see_trades_custom
    assert r.status_code == 200
E   assert 404 == 200
E    +  where 404 = &lt;Response [404]&gt;.status_code</failure></testcase><testcase classname="backend.tests.test_iter56_phase1.TestCustomDocs" name="test_delete_custom_doc" time="0.230" /><testcase classname="backend.tests.test_iter56_phase1.TestRegression" name="test_users_picker" time="0.104" /><testcase classname="backend.tests.test_iter56_phase1.TestRegression" name="test_capa_list" time="0.106" /></testsuite></testsuites>