<?xml version="1.0" encoding="utf-8"?><testsuites name="pytest tests"><testsuite name="pytest" errors="0" failures="0" skipped="0" tests="8" time="7.154" timestamp="2026-05-01T12:20:56.515378+00:00" hostname="agent-env-1dd6c271-290a-493d-a066-69eaff8cbe4e"><testcase classname="backend.tests.test_iter34_expansion.TestExpandedAIDocs" name="test_eight_docs_per_industry" time="1.503" /><testcase classname="backend.tests.test_iter34_expansion.TestExpandedAIDocs" name="test_each_doc_has_inputs" time="0.642" /><testcase classname="backend.tests.test_iter34_expansion.TestAcademyQuiz" name="test_quiz_endpoint_strips_answers" time="0.449" /><testcase classname="backend.tests.test_iter34_expansion.TestAcademyQuiz" name="test_quiz_submit_correct_passes" time="0.442" /><testcase classname="backend.tests.test_iter34_expansion.TestAcademyQuiz" name="test_quiz_submit_partial_fails" time="0.461" /><testcase classname="backend.tests.test_iter34_expansion.TestAcademyQuiz" name="test_quiz_wrong_answer_count" time="2.555" /><testcase classname="backend.tests.test_iter34_expansion.TestCertPDF" name="test_pdf_download" time="0.563" /><testcase classname="backend.tests.test_iter34_expansion.TestCertPDF" name="test_pdf_not_found" time="0.473" /></testsuite></testsuites>