<?xml version="1.0" encoding="utf-8"?><testsuites name="pytest tests"><testsuite name="pytest" errors="0" failures="0" skipped="1" tests="24" time="16.284" timestamp="2026-05-01T11:48:01.636536+00:00" hostname="agent-env-1dd6c271-290a-493d-a066-69eaff8cbe4e"><testcase classname="tests.test_iter33_multi_industry_batch.TestActivityTicker" name="test_endpoint_shape" time="0.227" /><testcase classname="tests.test_iter33_multi_industry_batch.TestAuditLog" name="test_owner_can_read" time="0.499" /><testcase classname="tests.test_iter33_multi_industry_batch.TestAIDocs" name="test_industry_filter" time="0.900" /><testcase classname="tests.test_iter33_multi_industry_batch.TestAIDocs" name="test_cross_industry_blocked" time="0.684" /><testcase classname="tests.test_iter33_multi_industry_batch.TestAddonsMarketplace" name="test_available_filters_by_industry" time="0.911" /><testcase classname="tests.test_iter33_multi_industry_batch.TestAddonsMarketplace" name="test_activate_deactivate_flow" time="0.783" /><testcase classname="tests.test_iter33_multi_industry_batch.TestAddonsMarketplace" name="test_cross_industry_addon_blocked" time="0.560" /><testcase classname="tests.test_iter33_multi_industry_batch.TestAcademy" name="test_catalogue_per_industry" time="1.556" /><testcase classname="tests.test_iter33_multi_industry_batch.TestAcademy" name="test_completion_marks_record" time="0.656" /><testcase classname="tests.test_iter33_multi_industry_batch.TestDataIsolation" name="test_workers_get_still_works" time="0.437" /><testcase classname="tests.test_iter33_multi_industry_batch.TestDataIsolation" name="test_incidents_get_still_works" time="0.432" /><testcase classname="tests.test_iter33_extras.TestAIDocsIndustryCoverage" name="test_trades_returns_empty" time="0.546" /><testcase classname="tests.test_iter33_extras.TestAIDocsIndustryCoverage" name="test_transport_has_cor_management_plan" time="0.643" /><testcase classname="tests.test_iter33_extras.TestAIDocsIndustryCoverage" name="test_healthcare_has_manual_handling_ra" time="0.650" /><testcase classname="tests.test_iter33_extras.TestAIDocsIndustryCoverage" name="test_retail_has_working_alone_ra" time="0.729" /><testcase classname="tests.test_iter33_extras.TestAddonsIndustryFilter" name="test_transport_has_ewd_integration" time="0.644" /><testcase classname="tests.test_iter33_extras.TestAddonsIndustryFilter" name="test_healthcare_has_ahpra_monitoring" time="0.650" /><testcase classname="tests.test_iter33_extras.TestAddonsIndustryFilter" name="test_retail_has_franchise_network" time="0.672" /><testcase classname="tests.test_iter33_extras.TestAcademyArrays" name="test_microlearning_and_full_courses_arrays_exist" time="1.593" /><testcase classname="tests.test_iter33_extras.TestStamping" name="test_create_worker_stamps_account_id" time="0.751" /><testcase classname="tests.test_iter33_extras.TestStamping" name="test_create_incident_stamps_account_id" time="0.694" /><testcase classname="tests.test_iter33_extras.TestAuditLogMutations" name="test_addon_activation_appears_in_audit" time="0.751" /><testcase classname="tests.test_iter33_extras.TestNonOwnerAddonForbidden" name="test_worker_cannot_activate_addon" time="0.112"><skipped type="pytest.skip" message="worker login failed (401); cannot test">/app/backend/tests/test_iter33_extras.py:212: worker login failed (401); cannot test</skipped></testcase><testcase classname="tests.test_iter33_extras.TestActivityCountersExtra" name="test_counters_all_present" time="0.122" /></testsuite></testsuites>