<?xml version="1.0" encoding="utf-8"?><testsuites name="pytest tests"><testsuite name="pytest" errors="0" failures="0" skipped="0" tests="10" time="4.967" timestamp="2026-05-22T10:18:18.680420+00:00" hostname="agent-env-1dd6c271-290a-493d-a066-69eaff8cbe4e"><testcase classname="backend.tests.test_internal_admin" name="test_admin_login_success_no_2fa" time="0.609" /><testcase classname="backend.tests.test_internal_admin" name="test_admin_login_bad_password" time="0.385" /><testcase classname="backend.tests.test_internal_admin" name="test_admin_me_requires_token" time="0.130" /><testcase classname="backend.tests.test_internal_admin" name="test_admin_me" time="0.465" /><testcase classname="backend.tests.test_internal_admin" name="test_dashboard_kpi" time="0.486" /><testcase classname="backend.tests.test_internal_admin" name="test_accounts_list_paginated" time="0.496" /><testcase classname="backend.tests.test_internal_admin" name="test_account_detail_and_users" time="0.619" /><testcase classname="backend.tests.test_internal_admin" name="test_extend_trial_logs_to_audit" time="0.622" /><testcase classname="backend.tests.test_internal_admin" name="test_add_note_logs_to_audit" time="0.613" /><testcase classname="backend.tests.test_internal_admin" name="test_audit_log_is_readonly" time="0.450" /></testsuite></testsuites>