<?xml version="1.0" encoding="utf-8"?><testsuites name="pytest tests"><testsuite name="pytest" errors="0" failures="1" skipped="0" tests="13" time="3.903" timestamp="2026-04-30T07:03:17.249562+00:00" hostname="agent-env-1dd6c271-290a-493d-a066-69eaff8cbe4e"><testcase classname="backend.tests.test_iter9_billing_webhooks_pwa.TestBillingTiers" name="test_tiers_public" time="0.239" /><testcase classname="backend.tests.test_iter9_billing_webhooks_pwa.TestBillingCheckout" name="test_checkout_invalid_tier" time="0.400" /><testcase classname="backend.tests.test_iter9_billing_webhooks_pwa.TestBillingCheckout" name="test_checkout_missing_origin" time="0.073" /><testcase classname="backend.tests.test_iter9_billing_webhooks_pwa.TestBillingCheckout" name="test_checkout_success" time="0.544" /><testcase classname="backend.tests.test_iter9_billing_webhooks_pwa.TestBillingCheckout" name="test_status_for_created_session" time="0.235"><failure message="assert 500 == 200&#10; +  where 500 = &lt;Response [500]&gt;.status_code">backend/tests/test_iter9_billing_webhooks_pwa.py:90: in test_status_for_created_session
    assert r.status_code == 200
E   assert 500 == 200
E    +  where 500 = &lt;Response [500]&gt;.status_code</failure></testcase><testcase classname="backend.tests.test_iter9_billing_webhooks_pwa.TestBillingCheckout" name="test_my_subscription_shape" time="0.050" /><testcase classname="backend.tests.test_iter9_billing_webhooks_pwa.TestWebhooks" name="test_events_catalog" time="0.050" /><testcase classname="backend.tests.test_iter9_billing_webhooks_pwa.TestWebhooks" name="test_create_sub_invalid_url" time="0.049" /><testcase classname="backend.tests.test_iter9_billing_webhooks_pwa.TestWebhooks" name="test_create_sub_invalid_event" time="0.049" /><testcase classname="backend.tests.test_iter9_billing_webhooks_pwa.TestWebhooks" name="test_full_sub_lifecycle_and_test_delivery" time="0.508" /><testcase classname="backend.tests.test_iter9_billing_webhooks_pwa.TestWebhooks" name="test_integration_worker_added_triggers_delivery" time="1.371" /><testcase classname="backend.tests.test_iter9_billing_webhooks_pwa.TestWebhooks" name="test_delete_subscription" time="0.052" /><testcase classname="backend.tests.test_iter9_billing_webhooks_pwa.TestPWA" name="test_manifest_served" time="0.139" /></testsuite></testsuites>